Virtual User Script started at: 20.05.2023 4:38:24	[MsgId: MMSG-15967]
Starting action vuser_init.	[MsgId: MMSG-15919]
Web Turbo Replay of LoadRunner 2020.0.0 for Windows 10; build 793 (ноя 27 2019 19:51:20)  	[MsgId: MMSG-26983]
Run mode: HTML  	[MsgId: MMSG-26993]
Replay user agent: Mozilla/5.0 (compatible; MSIE 10.0; Windows NT 6.1; Trident/6.0)  	[MsgId: MMSG-26988]
Runtime Settings file: "C:\Users\Anton\AppData\Local\Temp\lr5tmpdirjeq.714\lrcfgkup.715\cfgu8j.726"  	[MsgId: MMSG-27141]
Ending action vuser_init.	[MsgId: MMSG-15918]
Running Vuser...	[MsgId: MMSG-15964]
Starting iteration 1.	[MsgId: MMSG-15968]
Maximum number of concurrent connections per server: 6  	[MsgId: MMSG-26989]
Starting action Action.	[MsgId: MMSG-15919]
Action.c(3): Notify: Transaction "UC_6_Itinerary" started.	[MsgId: MMSG-16999]
..\\Parameters\\common_lib.h(27): Notify: Transaction "open_homepage" started.	[MsgId: MMSG-16999]
..\\Parameters\\common_lib.h(30): web_reg_save_param_attrib started  	[MsgId: MMSG-26355]
..\\Parameters\\common_lib.h(30): Registering web_reg_save_param_attrib was successful  	[MsgId: MMSG-26390]
..\\Parameters\\common_lib.h(41): web_url("WebTours") started  	[MsgId: MMSG-26355]
..\\Parameters\\common_lib.h(41): Detected non-resource "http://localhost:1080/WebTours/header.html" in "http://localhost:1080/WebTours/"  	[MsgId: MMSG-26574]
..\\Parameters\\common_lib.h(41): Detected non-resource "http://localhost:1080/cgi-bin/welcome.pl?signOff=true" in "http://localhost:1080/WebTours/"  	[MsgId: MMSG-26574]
..\\Parameters\\common_lib.h(41): Downloading resource "http://localhost:1080/favicon.ico" (specified by argument number 10)  	[MsgId: MMSG-26577]
..\\Parameters\\common_lib.h(41): Found resource "http://localhost:1080/WebTours/images/hp_logo.png" in HTML "http://localhost:1080/WebTours/header.html"  	[MsgId: MMSG-26659]
..\\Parameters\\common_lib.h(41): Found resource "http://localhost:1080/WebTours/images/webtours.png" in HTML "http://localhost:1080/WebTours/header.html"  	[MsgId: MMSG-26659]
..\\Parameters\\common_lib.h(41): Detected non-resource "http://localhost:1080/cgi-bin/nav.pl?in=home" in "http://localhost:1080/cgi-bin/welcome.pl?signOff=true"  	[MsgId: MMSG-26574]
..\\Parameters\\common_lib.h(41): Detected non-resource "http://localhost:1080/WebTours/home.html" in "http://localhost:1080/cgi-bin/welcome.pl?signOff=true"  	[MsgId: MMSG-26574]
..\\Parameters\\common_lib.h(41): Found resource "http://localhost:1080/WebTours/images/mer_login.gif" in HTML "http://localhost:1080/cgi-bin/nav.pl?in=home"  	[MsgId: MMSG-26659]
..\\Parameters\\common_lib.h(41): Warning -26627: HTTP Status-Code=404 (Not Found) for "http://localhost:1080/favicon.ico"  	[MsgId: MWAR-26627]
..\\Parameters\\common_lib.h(41): web_url("WebTours") highest severity level was "warning", 10289 body bytes, 2589 header bytes, 24 chunking overhead bytes  	[MsgId: MMSG-26387]
..\\Parameters\\common_lib.h(53): Notify: Transaction "open_homepage" ended with a "Pass" status (Duration: 15,5855 Wasted Time: 0,0003).	[MsgId: MMSG-16871]
Action.c(7): lr_think_time: 5,00 seconds.	[MsgId: MMSG-15948]
..\\Parameters\\common_lib.h(2): Notify: Transaction "login" started.	[MsgId: MMSG-16999]
..\\Parameters\\common_lib.h(4): web_reg_find started  	[MsgId: MMSG-26355]
..\\Parameters\\common_lib.h(4): Registering web_reg_find was successful  	[MsgId: MMSG-26390]
..\\Parameters\\common_lib.h(7): web_submit_data("login.pl") started  	[MsgId: MMSG-26355]
..\\Parameters\\common_lib.h(7): Detected non-resource "http://localhost:1080/cgi-bin/nav.pl?page=menu&in=home" in "http://localhost:1080/cgi-bin/login.pl"  	[MsgId: MMSG-26574]
..\\Parameters\\common_lib.h(7): Detected non-resource "http://localhost:1080/cgi-bin/login.pl?intro=true" in "http://localhost:1080/cgi-bin/login.pl"  	[MsgId: MMSG-26574]
..\\Parameters\\common_lib.h(7): Found resource "http://localhost:1080/WebTours/images/flights.gif" in HTML "http://localhost:1080/cgi-bin/nav.pl?page=menu&in=home"  	[MsgId: MMSG-26659]
..\\Parameters\\common_lib.h(7): Found resource "http://localhost:1080/WebTours/images/itinerary.gif" in HTML "http://localhost:1080/cgi-bin/nav.pl?page=menu&in=home"  	[MsgId: MMSG-26659]
..\\Parameters\\common_lib.h(7): Found resource "http://localhost:1080/WebTours/images/in_home.gif" in HTML "http://localhost:1080/cgi-bin/nav.pl?page=menu&in=home"  	[MsgId: MMSG-26659]
..\\Parameters\\common_lib.h(7): Found resource "http://localhost:1080/WebTours/images/signoff.gif" in HTML "http://localhost:1080/cgi-bin/nav.pl?page=menu&in=home"  	[MsgId: MMSG-26659]
..\\Parameters\\common_lib.h(7): Registered web_reg_find successful for "Text=Welcome, <b>bigpig</b>, to the Web Tours reservation pages." (count=1)  	[MsgId: MMSG-26364]
..\\Parameters\\common_lib.h(7): web_submit_data("login.pl") was successful, 5781 body bytes, 2055 header bytes, 36 chunking overhead bytes  	[MsgId: MMSG-26385]
..\\Parameters\\common_lib.h(23): Notify: Transaction "login" ended with a "Pass" status (Duration: 16,4796 Wasted Time: 0,0000).	[MsgId: MMSG-16871]
..\\Parameters\\common_lib.h(154): Notify: Transaction "click_Itinerary" started.	[MsgId: MMSG-16999]
..\\Parameters\\common_lib.h(156): web_url("Itinerary Button") started  	[MsgId: MMSG-26355]
..\\Parameters\\common_lib.h(156): Detected non-resource "http://localhost:1080/cgi-bin/nav.pl?page=menu&in=itinerary" in "http://localhost:1080/cgi-bin/welcome.pl?page=itinerary"  	[MsgId: MMSG-26574]
..\\Parameters\\common_lib.h(156): Detected non-resource "http://localhost:1080/cgi-bin/itinerary.pl" in "http://localhost:1080/cgi-bin/welcome.pl?page=itinerary"  	[MsgId: MMSG-26574]
..\\Parameters\\common_lib.h(156): Resource "http://localhost:1080/WebTours/images/flights.gif" is in the cache already and will not be downloaded again  	[MsgId: MMSG-26655]
..\\Parameters\\common_lib.h(156): Found resource "http://localhost:1080/WebTours/images/in_itinerary.gif" in HTML "http://localhost:1080/cgi-bin/nav.pl?page=menu&in=itinerary"  	[MsgId: MMSG-26659]
..\\Parameters\\common_lib.h(156): Found resource "http://localhost:1080/WebTours/images/home.gif" in HTML "http://localhost:1080/cgi-bin/nav.pl?page=menu&in=itinerary"  	[MsgId: MMSG-26659]
..\\Parameters\\common_lib.h(156): Resource "http://localhost:1080/WebTours/images/signoff.gif" is in the cache already and will not be downloaded again  	[MsgId: MMSG-26655]
..\\Parameters\\common_lib.h(156): Found resource "http://localhost:1080/WebTours/images/cancelreservation.gif" in HTML "http://localhost:1080/cgi-bin/itinerary.pl"  	[MsgId: MMSG-26659]
..\\Parameters\\common_lib.h(156): Found resource "http://localhost:1080/WebTours/images/cancelallreservations.gif" in HTML "http://localhost:1080/cgi-bin/itinerary.pl"  	[MsgId: MMSG-26659]
..\\Parameters\\common_lib.h(156): web_url("Itinerary Button") was successful, 106384 body bytes, 1913 header bytes, 220 chunking overhead bytes  	[MsgId: MMSG-26385]
..\\Parameters\\common_lib.h(166): Notify: Transaction "click_Itinerary" ended with a "Pass" status (Duration: 0,1454).	[MsgId: MMSG-16873]
..\\Parameters\\common_lib.h(169): Notify: Transaction "Logout" started.	[MsgId: MMSG-16999]
..\\Parameters\\common_lib.h(171): web_reg_find started  	[MsgId: MMSG-26355]
..\\Parameters\\common_lib.h(171): Registering web_reg_find was successful  	[MsgId: MMSG-26390]
..\\Parameters\\common_lib.h(174): web_url("SignOff Button") started  	[MsgId: MMSG-26355]
..\\Parameters\\common_lib.h(174): Detected non-resource "http://localhost:1080/cgi-bin/nav.pl?in=home" in "http://localhost:1080/cgi-bin/welcome.pl?signOff=1"  	[MsgId: MMSG-26574]
..\\Parameters\\common_lib.h(174): Detected non-resource "http://localhost:1080/WebTours/home.html" in "http://localhost:1080/cgi-bin/welcome.pl?signOff=1"  	[MsgId: MMSG-26574]
..\\Parameters\\common_lib.h(174): Retrieving data from cache for "http://localhost:1080/WebTours/home.html"  	[MsgId: MMSG-26558]
..\\Parameters\\common_lib.h(174): Resource "http://localhost:1080/WebTours/images/mer_login.gif" is in the cache already and will not be downloaded again  	[MsgId: MMSG-26655]
..\\Parameters\\common_lib.h(174): Registered web_reg_find successful for "Text=Welcome to the Web Tours site." (count=1)  	[MsgId: MMSG-26364]
..\\Parameters\\common_lib.h(174): web_url("SignOff Button") was successful, 2175 body bytes, 582 header bytes, 24 chunking overhead bytes  	[MsgId: MMSG-26385]
..\\Parameters\\common_lib.h(184): Notify: Transaction "Logout" ended with a "Pass" status (Duration: 0,0921 Wasted Time: 0,0001).	[MsgId: MMSG-16871]
Action.c(15): Notify: Transaction "UC_6_Itinerary" ended with a "Pass" status (Duration: 37,3037 Think Time: 5,0007 Wasted Time: 0,0004).	[MsgId: MMSG-16870]
Ending action Action.	[MsgId: MMSG-15918]
Ending iteration 1.	[MsgId: MMSG-15965]
Waiting 78,6960 seconds for iteration pacing.	[MsgId: MMSG-15996]
Starting iteration 2.	[MsgId: MMSG-15968]
Starting action Action.	[MsgId: MMSG-15919]
Action.c(3): Notify: Transaction "UC_6_Itinerary" started.	[MsgId: MMSG-16999]
..\\Parameters\\common_lib.h(27): Notify: Transaction "open_homepage" started.	[MsgId: MMSG-16999]
..\\Parameters\\common_lib.h(30): web_reg_save_param_attrib started  	[MsgId: MMSG-26355]
..\\Parameters\\common_lib.h(30): Registering web_reg_save_param_attrib was successful  	[MsgId: MMSG-26390]
..\\Parameters\\common_lib.h(41): web_url("WebTours") started  	[MsgId: MMSG-26355]
..\\Parameters\\common_lib.h(41): Detected non-resource "http://localhost:1080/WebTours/header.html" in "http://localhost:1080/WebTours/"  	[MsgId: MMSG-26574]
..\\Parameters\\common_lib.h(41): Detected non-resource "http://localhost:1080/cgi-bin/welcome.pl?signOff=true" in "http://localhost:1080/WebTours/"  	[MsgId: MMSG-26574]
..\\Parameters\\common_lib.h(41): Downloading resource "http://localhost:1080/favicon.ico" (specified by argument number 10)  	[MsgId: MMSG-26577]
..\\Parameters\\common_lib.h(41): Found resource "http://localhost:1080/WebTours/images/hp_logo.png" in HTML "http://localhost:1080/WebTours/header.html"  	[MsgId: MMSG-26659]
..\\Parameters\\common_lib.h(41): Found resource "http://localhost:1080/WebTours/images/webtours.png" in HTML "http://localhost:1080/WebTours/header.html"  	[MsgId: MMSG-26659]
..\\Parameters\\common_lib.h(41): Warning -26627: HTTP Status-Code=404 (Not Found) for "http://localhost:1080/favicon.ico"  	[MsgId: MWAR-26627]
..\\Parameters\\common_lib.h(41): Detected non-resource "http://localhost:1080/cgi-bin/nav.pl?in=home" in "http://localhost:1080/cgi-bin/welcome.pl?signOff=true"  	[MsgId: MMSG-26574]
..\\Parameters\\common_lib.h(41): Detected non-resource "http://localhost:1080/WebTours/home.html" in "http://localhost:1080/cgi-bin/welcome.pl?signOff=true"  	[MsgId: MMSG-26574]
..\\Parameters\\common_lib.h(41): Found resource "http://localhost:1080/WebTours/images/mer_login.gif" in HTML "http://localhost:1080/cgi-bin/nav.pl?in=home"  	[MsgId: MMSG-26659]
..\\Parameters\\common_lib.h(41): web_url("WebTours") highest severity level was "warning", 10289 body bytes, 2589 header bytes, 24 chunking overhead bytes  	[MsgId: MMSG-26387]
..\\Parameters\\common_lib.h(53): Notify: Transaction "open_homepage" ended with a "Pass" status (Duration: 16,0870 Wasted Time: 0,0003).	[MsgId: MMSG-16871]
Action.c(7): lr_think_time: 5,00 seconds.	[MsgId: MMSG-15948]
..\\Parameters\\common_lib.h(2): Notify: Transaction "login" started.	[MsgId: MMSG-16999]
..\\Parameters\\common_lib.h(4): web_reg_find started  	[MsgId: MMSG-26355]
..\\Parameters\\common_lib.h(4): Registering web_reg_find was successful  	[MsgId: MMSG-26390]
..\\Parameters\\common_lib.h(7): web_submit_data("login.pl") started  	[MsgId: MMSG-26355]
..\\Parameters\\common_lib.h(7): Detected non-resource "http://localhost:1080/cgi-bin/nav.pl?page=menu&in=home" in "http://localhost:1080/cgi-bin/login.pl"  	[MsgId: MMSG-26574]
..\\Parameters\\common_lib.h(7): Detected non-resource "http://localhost:1080/cgi-bin/login.pl?intro=true" in "http://localhost:1080/cgi-bin/login.pl"  	[MsgId: MMSG-26574]
..\\Parameters\\common_lib.h(7): Found resource "http://localhost:1080/WebTours/images/flights.gif" in HTML "http://localhost:1080/cgi-bin/nav.pl?page=menu&in=home"  	[MsgId: MMSG-26659]
..\\Parameters\\common_lib.h(7): Found resource "http://localhost:1080/WebTours/images/itinerary.gif" in HTML "http://localhost:1080/cgi-bin/nav.pl?page=menu&in=home"  	[MsgId: MMSG-26659]
..\\Parameters\\common_lib.h(7): Found resource "http://localhost:1080/WebTours/images/in_home.gif" in HTML "http://localhost:1080/cgi-bin/nav.pl?page=menu&in=home"  	[MsgId: MMSG-26659]
..\\Parameters\\common_lib.h(7): Found resource "http://localhost:1080/WebTours/images/signoff.gif" in HTML "http://localhost:1080/cgi-bin/nav.pl?page=menu&in=home"  	[MsgId: MMSG-26659]
..\\Parameters\\common_lib.h(7): Registered web_reg_find successful for "Text=Welcome, <b>bigpig</b>, to the Web Tours reservation pages." (count=1)  	[MsgId: MMSG-26364]
..\\Parameters\\common_lib.h(7): web_submit_data("login.pl") was successful, 5781 body bytes, 2055 header bytes, 36 chunking overhead bytes  	[MsgId: MMSG-26385]
..\\Parameters\\common_lib.h(23): Notify: Transaction "login" ended with a "Pass" status (Duration: 16,4147 Wasted Time: 0,0000).	[MsgId: MMSG-16871]
..\\Parameters\\common_lib.h(154): Notify: Transaction "click_Itinerary" started.	[MsgId: MMSG-16999]
..\\Parameters\\common_lib.h(156): web_url("Itinerary Button") started  	[MsgId: MMSG-26355]
..\\Parameters\\common_lib.h(156): Detected non-resource "http://localhost:1080/cgi-bin/nav.pl?page=menu&in=itinerary" in "http://localhost:1080/cgi-bin/welcome.pl?page=itinerary"  	[MsgId: MMSG-26574]
..\\Parameters\\common_lib.h(156): Detected non-resource "http://localhost:1080/cgi-bin/itinerary.pl" in "http://localhost:1080/cgi-bin/welcome.pl?page=itinerary"  	[MsgId: MMSG-26574]
..\\Parameters\\common_lib.h(156): Resource "http://localhost:1080/WebTours/images/flights.gif" is in the cache already and will not be downloaded again  	[MsgId: MMSG-26655]
..\\Parameters\\common_lib.h(156): Found resource "http://localhost:1080/WebTours/images/in_itinerary.gif" in HTML "http://localhost:1080/cgi-bin/nav.pl?page=menu&in=itinerary"  	[MsgId: MMSG-26659]
..\\Parameters\\common_lib.h(156): Found resource "http://localhost:1080/WebTours/images/home.gif" in HTML "http://localhost:1080/cgi-bin/nav.pl?page=menu&in=itinerary"  	[MsgId: MMSG-26659]
..\\Parameters\\common_lib.h(156): Resource "http://localhost:1080/WebTours/images/signoff.gif" is in the cache already and will not be downloaded again  	[MsgId: MMSG-26655]
..\\Parameters\\common_lib.h(156): Found resource "http://localhost:1080/WebTours/images/cancelreservation.gif" in HTML "http://localhost:1080/cgi-bin/itinerary.pl"  	[MsgId: MMSG-26659]
..\\Parameters\\common_lib.h(156): Found resource "http://localhost:1080/WebTours/images/cancelallreservations.gif" in HTML "http://localhost:1080/cgi-bin/itinerary.pl"  	[MsgId: MMSG-26659]
..\\Parameters\\common_lib.h(156): web_url("Itinerary Button") was successful, 106384 body bytes, 1913 header bytes, 220 chunking overhead bytes  	[MsgId: MMSG-26385]
..\\Parameters\\common_lib.h(166): Notify: Transaction "click_Itinerary" ended with a "Pass" status (Duration: 0,1515).	[MsgId: MMSG-16873]
..\\Parameters\\common_lib.h(169): Notify: Transaction "Logout" started.	[MsgId: MMSG-16999]
..\\Parameters\\common_lib.h(171): web_reg_find started  	[MsgId: MMSG-26355]
..\\Parameters\\common_lib.h(171): Registering web_reg_find was successful  	[MsgId: MMSG-26390]
..\\Parameters\\common_lib.h(174): web_url("SignOff Button") started  	[MsgId: MMSG-26355]
..\\Parameters\\common_lib.h(174): Detected non-resource "http://localhost:1080/cgi-bin/nav.pl?in=home" in "http://localhost:1080/cgi-bin/welcome.pl?signOff=1"  	[MsgId: MMSG-26574]
..\\Parameters\\common_lib.h(174): Detected non-resource "http://localhost:1080/WebTours/home.html" in "http://localhost:1080/cgi-bin/welcome.pl?signOff=1"  	[MsgId: MMSG-26574]
..\\Parameters\\common_lib.h(174): Retrieving data from cache for "http://localhost:1080/WebTours/home.html"  	[MsgId: MMSG-26558]
..\\Parameters\\common_lib.h(174): Resource "http://localhost:1080/WebTours/images/mer_login.gif" is in the cache already and will not be downloaded again  	[MsgId: MMSG-26655]
..\\Parameters\\common_lib.h(174): Registered web_reg_find successful for "Text=Welcome to the Web Tours site." (count=1)  	[MsgId: MMSG-26364]
..\\Parameters\\common_lib.h(174): web_url("SignOff Button") was successful, 2175 body bytes, 582 header bytes, 24 chunking overhead bytes  	[MsgId: MMSG-26385]
..\\Parameters\\common_lib.h(184): Notify: Transaction "Logout" ended with a "Pass" status (Duration: 0,0873 Wasted Time: 0,0000).	[MsgId: MMSG-16871]
Action.c(15): Notify: Transaction "UC_6_Itinerary" ended with a "Pass" status (Duration: 37,7517 Think Time: 5,0106 Wasted Time: 0,0004).	[MsgId: MMSG-16870]
Ending action Action.	[MsgId: MMSG-15918]
Ending iteration 2.	[MsgId: MMSG-15965]
Waiting 78,2480 seconds for iteration pacing.	[MsgId: MMSG-15996]
Starting iteration 3.	[MsgId: MMSG-15968]
Starting action Action.	[MsgId: MMSG-15919]
Action.c(3): Notify: Transaction "UC_6_Itinerary" started.	[MsgId: MMSG-16999]
..\\Parameters\\common_lib.h(27): Notify: Transaction "open_homepage" started.	[MsgId: MMSG-16999]
..\\Parameters\\common_lib.h(30): web_reg_save_param_attrib started  	[MsgId: MMSG-26355]
..\\Parameters\\common_lib.h(30): Registering web_reg_save_param_attrib was successful  	[MsgId: MMSG-26390]
..\\Parameters\\common_lib.h(41): web_url("WebTours") started  	[MsgId: MMSG-26355]
..\\Parameters\\common_lib.h(41): Detected non-resource "http://localhost:1080/WebTours/header.html" in "http://localhost:1080/WebTours/"  	[MsgId: MMSG-26574]
..\\Parameters\\common_lib.h(41): Detected non-resource "http://localhost:1080/cgi-bin/welcome.pl?signOff=true" in "http://localhost:1080/WebTours/"  	[MsgId: MMSG-26574]
..\\Parameters\\common_lib.h(41): Downloading resource "http://localhost:1080/favicon.ico" (specified by argument number 10)  	[MsgId: MMSG-26577]
..\\Parameters\\common_lib.h(41): Found resource "http://localhost:1080/WebTours/images/hp_logo.png" in HTML "http://localhost:1080/WebTours/header.html"  	[MsgId: MMSG-26659]
..\\Parameters\\common_lib.h(41): Found resource "http://localhost:1080/WebTours/images/webtours.png" in HTML "http://localhost:1080/WebTours/header.html"  	[MsgId: MMSG-26659]
..\\Parameters\\common_lib.h(41): Warning -26627: HTTP Status-Code=404 (Not Found) for "http://localhost:1080/favicon.ico"  	[MsgId: MWAR-26627]
..\\Parameters\\common_lib.h(41): Detected non-resource "http://localhost:1080/cgi-bin/nav.pl?in=home" in "http://localhost:1080/cgi-bin/welcome.pl?signOff=true"  	[MsgId: MMSG-26574]
..\\Parameters\\common_lib.h(41): Detected non-resource "http://localhost:1080/WebTours/home.html" in "http://localhost:1080/cgi-bin/welcome.pl?signOff=true"  	[MsgId: MMSG-26574]
..\\Parameters\\common_lib.h(41): Found resource "http://localhost:1080/WebTours/images/mer_login.gif" in HTML "http://localhost:1080/cgi-bin/nav.pl?in=home"  	[MsgId: MMSG-26659]
..\\Parameters\\common_lib.h(41): web_url("WebTours") highest severity level was "warning", 10285 body bytes, 2589 header bytes, 24 chunking overhead bytes  	[MsgId: MMSG-26387]
..\\Parameters\\common_lib.h(53): Notify: Transaction "open_homepage" ended with a "Pass" status (Duration: 16,4337 Wasted Time: 0,0004).	[MsgId: MMSG-16871]
Action.c(7): lr_think_time: 5,00 seconds.	[MsgId: MMSG-15948]
..\\Parameters\\common_lib.h(2): Notify: Transaction "login" started.	[MsgId: MMSG-16999]
..\\Parameters\\common_lib.h(4): web_reg_find started  	[MsgId: MMSG-26355]
..\\Parameters\\common_lib.h(4): Registering web_reg_find was successful  	[MsgId: MMSG-26390]
..\\Parameters\\common_lib.h(7): web_submit_data("login.pl") started  	[MsgId: MMSG-26355]
..\\Parameters\\common_lib.h(7): Detected non-resource "http://localhost:1080/cgi-bin/nav.pl?page=menu&in=home" in "http://localhost:1080/cgi-bin/login.pl"  	[MsgId: MMSG-26574]
..\\Parameters\\common_lib.h(7): Detected non-resource "http://localhost:1080/cgi-bin/login.pl?intro=true" in "http://localhost:1080/cgi-bin/login.pl"  	[MsgId: MMSG-26574]
..\\Parameters\\common_lib.h(7): Found resource "http://localhost:1080/WebTours/images/flights.gif" in HTML "http://localhost:1080/cgi-bin/nav.pl?page=menu&in=home"  	[MsgId: MMSG-26659]
..\\Parameters\\common_lib.h(7): Found resource "http://localhost:1080/WebTours/images/itinerary.gif" in HTML "http://localhost:1080/cgi-bin/nav.pl?page=menu&in=home"  	[MsgId: MMSG-26659]
..\\Parameters\\common_lib.h(7): Found resource "http://localhost:1080/WebTours/images/in_home.gif" in HTML "http://localhost:1080/cgi-bin/nav.pl?page=menu&in=home"  	[MsgId: MMSG-26659]
..\\Parameters\\common_lib.h(7): Found resource "http://localhost:1080/WebTours/images/signoff.gif" in HTML "http://localhost:1080/cgi-bin/nav.pl?page=menu&in=home"  	[MsgId: MMSG-26659]
..\\Parameters\\common_lib.h(7): Registered web_reg_find successful for "Text=Welcome, <b>wowboy</b>, to the Web Tours reservation pages." (count=1)  	[MsgId: MMSG-26364]
..\\Parameters\\common_lib.h(7): web_submit_data("login.pl") was successful, 5781 body bytes, 2063 header bytes, 36 chunking overhead bytes  	[MsgId: MMSG-26385]
..\\Parameters\\common_lib.h(23): Notify: Transaction "login" ended with a "Pass" status (Duration: 15,4111 Wasted Time: 0,0000).	[MsgId: MMSG-16871]
..\\Parameters\\common_lib.h(154): Notify: Transaction "click_Itinerary" started.	[MsgId: MMSG-16999]
..\\Parameters\\common_lib.h(156): web_url("Itinerary Button") started  	[MsgId: MMSG-26355]
..\\Parameters\\common_lib.h(156): Detected non-resource "http://localhost:1080/cgi-bin/nav.pl?page=menu&in=itinerary" in "http://localhost:1080/cgi-bin/welcome.pl?page=itinerary"  	[MsgId: MMSG-26574]
..\\Parameters\\common_lib.h(156): Detected non-resource "http://localhost:1080/cgi-bin/itinerary.pl" in "http://localhost:1080/cgi-bin/welcome.pl?page=itinerary"  	[MsgId: MMSG-26574]
..\\Parameters\\common_lib.h(156): Resource "http://localhost:1080/WebTours/images/flights.gif" is in the cache already and will not be downloaded again  	[MsgId: MMSG-26655]
..\\Parameters\\common_lib.h(156): Found resource "http://localhost:1080/WebTours/images/in_itinerary.gif" in HTML "http://localhost:1080/cgi-bin/nav.pl?page=menu&in=itinerary"  	[MsgId: MMSG-26659]
..\\Parameters\\common_lib.h(156): Found resource "http://localhost:1080/WebTours/images/home.gif" in HTML "http://localhost:1080/cgi-bin/nav.pl?page=menu&in=itinerary"  	[MsgId: MMSG-26659]
..\\Parameters\\common_lib.h(156): Resource "http://localhost:1080/WebTours/images/signoff.gif" is in the cache already and will not be downloaded again  	[MsgId: MMSG-26655]
..\\Parameters\\common_lib.h(156): Found resource "http://localhost:1080/WebTours/images/cancelreservation.gif" in HTML "http://localhost:1080/cgi-bin/itinerary.pl"  	[MsgId: MMSG-26659]
..\\Parameters\\common_lib.h(156): Found resource "http://localhost:1080/WebTours/images/cancelallreservations.gif" in HTML "http://localhost:1080/cgi-bin/itinerary.pl"  	[MsgId: MMSG-26659]
..\\Parameters\\common_lib.h(156): web_url("Itinerary Button") was successful, 94462 body bytes, 1913 header bytes, 196 chunking overhead bytes  	[MsgId: MMSG-26385]
..\\Parameters\\common_lib.h(166): Notify: Transaction "click_Itinerary" ended with a "Pass" status (Duration: 0,1302).	[MsgId: MMSG-16873]
..\\Parameters\\common_lib.h(169): Notify: Transaction "Logout" started.	[MsgId: MMSG-16999]
..\\Parameters\\common_lib.h(171): web_reg_find started  	[MsgId: MMSG-26355]
..\\Parameters\\common_lib.h(171): Registering web_reg_find was successful  	[MsgId: MMSG-26390]
..\\Parameters\\common_lib.h(174): web_url("SignOff Button") started  	[MsgId: MMSG-26355]
..\\Parameters\\common_lib.h(174): Detected non-resource "http://localhost:1080/cgi-bin/nav.pl?in=home" in "http://localhost:1080/cgi-bin/welcome.pl?signOff=1"  	[MsgId: MMSG-26574]
..\\Parameters\\common_lib.h(174): Detected non-resource "http://localhost:1080/WebTours/home.html" in "http://localhost:1080/cgi-bin/welcome.pl?signOff=1"  	[MsgId: MMSG-26574]
..\\Parameters\\common_lib.h(174): Retrieving data from cache for "http://localhost:1080/WebTours/home.html"  	[MsgId: MMSG-26558]
..\\Parameters\\common_lib.h(174): Resource "http://localhost:1080/WebTours/images/mer_login.gif" is in the cache already and will not be downloaded again  	[MsgId: MMSG-26655]
..\\Parameters\\common_lib.h(174): Registered web_reg_find successful for "Text=Welcome to the Web Tours site." (count=1)  	[MsgId: MMSG-26364]
..\\Parameters\\common_lib.h(174): web_url("SignOff Button") was successful, 2170 body bytes, 582 header bytes, 24 chunking overhead bytes  	[MsgId: MMSG-26385]
..\\Parameters\\common_lib.h(184): Notify: Transaction "Logout" ended with a "Pass" status (Duration: 0,0971 Wasted Time: 0,0000).	[MsgId: MMSG-16871]
Action.c(15): Notify: Transaction "UC_6_Itinerary" ended with a "Pass" status (Duration: 37,0771 Think Time: 5,0045 Wasted Time: 0,0005).	[MsgId: MMSG-16870]
Ending action Action.	[MsgId: MMSG-15918]
Ending iteration 3.	[MsgId: MMSG-15965]
Waiting 78,9220 seconds for iteration pacing.	[MsgId: MMSG-15996]
Starting iteration 4.	[MsgId: MMSG-15968]
Starting action Action.	[MsgId: MMSG-15919]
Action.c(3): Notify: Transaction "UC_6_Itinerary" started.	[MsgId: MMSG-16999]
..\\Parameters\\common_lib.h(27): Notify: Transaction "open_homepage" started.	[MsgId: MMSG-16999]
..\\Parameters\\common_lib.h(30): web_reg_save_param_attrib started  	[MsgId: MMSG-26355]
..\\Parameters\\common_lib.h(30): Registering web_reg_save_param_attrib was successful  	[MsgId: MMSG-26390]
..\\Parameters\\common_lib.h(41): web_url("WebTours") started  	[MsgId: MMSG-26355]
..\\Parameters\\common_lib.h(41): Detected non-resource "http://localhost:1080/WebTours/header.html" in "http://localhost:1080/WebTours/"  	[MsgId: MMSG-26574]
..\\Parameters\\common_lib.h(41): Detected non-resource "http://localhost:1080/cgi-bin/welcome.pl?signOff=true" in "http://localhost:1080/WebTours/"  	[MsgId: MMSG-26574]
..\\Parameters\\common_lib.h(41): Downloading resource "http://localhost:1080/favicon.ico" (specified by argument number 10)  	[MsgId: MMSG-26577]
..\\Parameters\\common_lib.h(41): Found resource "http://localhost:1080/WebTours/images/hp_logo.png" in HTML "http://localhost:1080/WebTours/header.html"  	[MsgId: MMSG-26659]
..\\Parameters\\common_lib.h(41): Found resource "http://localhost:1080/WebTours/images/webtours.png" in HTML "http://localhost:1080/WebTours/header.html"  	[MsgId: MMSG-26659]
..\\Parameters\\common_lib.h(41): Detected non-resource "http://localhost:1080/cgi-bin/nav.pl?in=home" in "http://localhost:1080/cgi-bin/welcome.pl?signOff=true"  	[MsgId: MMSG-26574]
..\\Parameters\\common_lib.h(41): Detected non-resource "http://localhost:1080/WebTours/home.html" in "http://localhost:1080/cgi-bin/welcome.pl?signOff=true"  	[MsgId: MMSG-26574]
..\\Parameters\\common_lib.h(41): Warning -26627: HTTP Status-Code=404 (Not Found) for "http://localhost:1080/favicon.ico"  	[MsgId: MWAR-26627]
..\\Parameters\\common_lib.h(41): Found resource "http://localhost:1080/WebTours/images/mer_login.gif" in HTML "http://localhost:1080/cgi-bin/nav.pl?in=home"  	[MsgId: MMSG-26659]
..\\Parameters\\common_lib.h(41): web_url("WebTours") highest severity level was "warning", 10289 body bytes, 2589 header bytes, 24 chunking overhead bytes  	[MsgId: MMSG-26387]
..\\Parameters\\common_lib.h(53): Notify: Transaction "open_homepage" ended with a "Pass" status (Duration: 16,0294 Wasted Time: 0,0003).	[MsgId: MMSG-16871]
Action.c(7): lr_think_time: 5,00 seconds.	[MsgId: MMSG-15948]
..\\Parameters\\common_lib.h(2): Notify: Transaction "login" started.	[MsgId: MMSG-16999]
..\\Parameters\\common_lib.h(4): web_reg_find started  	[MsgId: MMSG-26355]
..\\Parameters\\common_lib.h(4): Registering web_reg_find was successful  	[MsgId: MMSG-26390]
..\\Parameters\\common_lib.h(7): web_submit_data("login.pl") started  	[MsgId: MMSG-26355]
..\\Parameters\\common_lib.h(7): Detected non-resource "http://localhost:1080/cgi-bin/nav.pl?page=menu&in=home" in "http://localhost:1080/cgi-bin/login.pl"  	[MsgId: MMSG-26574]
..\\Parameters\\common_lib.h(7): Detected non-resource "http://localhost:1080/cgi-bin/login.pl?intro=true" in "http://localhost:1080/cgi-bin/login.pl"  	[MsgId: MMSG-26574]
..\\Parameters\\common_lib.h(7): Found resource "http://localhost:1080/WebTours/images/flights.gif" in HTML "http://localhost:1080/cgi-bin/nav.pl?page=menu&in=home"  	[MsgId: MMSG-26659]
..\\Parameters\\common_lib.h(7): Found resource "http://localhost:1080/WebTours/images/itinerary.gif" in HTML "http://localhost:1080/cgi-bin/nav.pl?page=menu&in=home"  	[MsgId: MMSG-26659]
..\\Parameters\\common_lib.h(7): Found resource "http://localhost:1080/WebTours/images/in_home.gif" in HTML "http://localhost:1080/cgi-bin/nav.pl?page=menu&in=home"  	[MsgId: MMSG-26659]
..\\Parameters\\common_lib.h(7): Found resource "http://localhost:1080/WebTours/images/signoff.gif" in HTML "http://localhost:1080/cgi-bin/nav.pl?page=menu&in=home"  	[MsgId: MMSG-26659]
..\\Parameters\\common_lib.h(7): Registered web_reg_find successful for "Text=Welcome, <b>agentsmth</b>, to the Web Tours reservation pages." (count=1)  	[MsgId: MMSG-26364]
..\\Parameters\\common_lib.h(7): web_submit_data("login.pl") was successful, 5784 body bytes, 2072 header bytes, 36 chunking overhead bytes  	[MsgId: MMSG-26385]
..\\Parameters\\common_lib.h(23): Notify: Transaction "login" ended with a "Pass" status (Duration: 15,4679 Wasted Time: 0,0000).	[MsgId: MMSG-16871]
..\\Parameters\\common_lib.h(154): Notify: Transaction "click_Itinerary" started.	[MsgId: MMSG-16999]
..\\Parameters\\common_lib.h(156): web_url("Itinerary Button") started  	[MsgId: MMSG-26355]
..\\Parameters\\common_lib.h(156): Detected non-resource "http://localhost:1080/cgi-bin/nav.pl?page=menu&in=itinerary" in "http://localhost:1080/cgi-bin/welcome.pl?page=itinerary"  	[MsgId: MMSG-26574]
..\\Parameters\\common_lib.h(156): Detected non-resource "http://localhost:1080/cgi-bin/itinerary.pl" in "http://localhost:1080/cgi-bin/welcome.pl?page=itinerary"  	[MsgId: MMSG-26574]
..\\Parameters\\common_lib.h(156): Resource "http://localhost:1080/WebTours/images/flights.gif" is in the cache already and will not be downloaded again  	[MsgId: MMSG-26655]
..\\Parameters\\common_lib.h(156): Found resource "http://localhost:1080/WebTours/images/in_itinerary.gif" in HTML "http://localhost:1080/cgi-bin/nav.pl?page=menu&in=itinerary"  	[MsgId: MMSG-26659]
..\\Parameters\\common_lib.h(156): Found resource "http://localhost:1080/WebTours/images/home.gif" in HTML "http://localhost:1080/cgi-bin/nav.pl?page=menu&in=itinerary"  	[MsgId: MMSG-26659]
..\\Parameters\\common_lib.h(156): Resource "http://localhost:1080/WebTours/images/signoff.gif" is in the cache already and will not be downloaded again  	[MsgId: MMSG-26655]
..\\Parameters\\common_lib.h(156): Found resource "http://localhost:1080/WebTours/images/cancelreservation.gif" in HTML "http://localhost:1080/cgi-bin/itinerary.pl"  	[MsgId: MMSG-26659]
..\\Parameters\\common_lib.h(156): Found resource "http://localhost:1080/WebTours/images/cancelallreservations.gif" in HTML "http://localhost:1080/cgi-bin/itinerary.pl"  	[MsgId: MMSG-26659]
..\\Parameters\\common_lib.h(156): web_url("Itinerary Button") was successful, 107936 body bytes, 1913 header bytes, 228 chunking overhead bytes  	[MsgId: MMSG-26385]
..\\Parameters\\common_lib.h(166): Notify: Transaction "click_Itinerary" ended with a "Pass" status (Duration: 0,1464).	[MsgId: MMSG-16873]
..\\Parameters\\common_lib.h(169): Notify: Transaction "Logout" started.	[MsgId: MMSG-16999]
..\\Parameters\\common_lib.h(171): web_reg_find started  	[MsgId: MMSG-26355]
..\\Parameters\\common_lib.h(171): Registering web_reg_find was successful  	[MsgId: MMSG-26390]
..\\Parameters\\common_lib.h(174): web_url("SignOff Button") started  	[MsgId: MMSG-26355]
..\\Parameters\\common_lib.h(174): Detected non-resource "http://localhost:1080/cgi-bin/nav.pl?in=home" in "http://localhost:1080/cgi-bin/welcome.pl?signOff=1"  	[MsgId: MMSG-26574]
..\\Parameters\\common_lib.h(174): Detected non-resource "http://localhost:1080/WebTours/home.html" in "http://localhost:1080/cgi-bin/welcome.pl?signOff=1"  	[MsgId: MMSG-26574]
..\\Parameters\\common_lib.h(174): Retrieving data from cache for "http://localhost:1080/WebTours/home.html"  	[MsgId: MMSG-26558]
..\\Parameters\\common_lib.h(174): Resource "http://localhost:1080/WebTours/images/mer_login.gif" is in the cache already and will not be downloaded again  	[MsgId: MMSG-26655]
..\\Parameters\\common_lib.h(174): Registered web_reg_find successful for "Text=Welcome to the Web Tours site." (count=1)  	[MsgId: MMSG-26364]
..\\Parameters\\common_lib.h(174): web_url("SignOff Button") was successful, 2176 body bytes, 582 header bytes, 24 chunking overhead bytes  	[MsgId: MMSG-26385]
..\\Parameters\\common_lib.h(184): Notify: Transaction "Logout" ended with a "Pass" status (Duration: 0,0782 Wasted Time: 0,0000).	[MsgId: MMSG-16871]
Action.c(15): Notify: Transaction "UC_6_Itinerary" ended with a "Pass" status (Duration: 36,7305 Think Time: 5,0082 Wasted Time: 0,0003).	[MsgId: MMSG-16870]
Ending action Action.	[MsgId: MMSG-15918]
Ending iteration 4.	[MsgId: MMSG-15965]
Waiting 79,2690 seconds for iteration pacing.	[MsgId: MMSG-15996]
Starting iteration 5.	[MsgId: MMSG-15968]
Starting action Action.	[MsgId: MMSG-15919]
Action.c(3): Notify: Transaction "UC_6_Itinerary" started.	[MsgId: MMSG-16999]
..\\Parameters\\common_lib.h(27): Notify: Transaction "open_homepage" started.	[MsgId: MMSG-16999]
..\\Parameters\\common_lib.h(30): web_reg_save_param_attrib started  	[MsgId: MMSG-26355]
..\\Parameters\\common_lib.h(30): Registering web_reg_save_param_attrib was successful  	[MsgId: MMSG-26390]
..\\Parameters\\common_lib.h(41): web_url("WebTours") started  	[MsgId: MMSG-26355]
..\\Parameters\\common_lib.h(41): Detected non-resource "http://localhost:1080/WebTours/header.html" in "http://localhost:1080/WebTours/"  	[MsgId: MMSG-26574]
..\\Parameters\\common_lib.h(41): Detected non-resource "http://localhost:1080/cgi-bin/welcome.pl?signOff=true" in "http://localhost:1080/WebTours/"  	[MsgId: MMSG-26574]
..\\Parameters\\common_lib.h(41): Downloading resource "http://localhost:1080/favicon.ico" (specified by argument number 10)  	[MsgId: MMSG-26577]
..\\Parameters\\common_lib.h(41): Found resource "http://localhost:1080/WebTours/images/hp_logo.png" in HTML "http://localhost:1080/WebTours/header.html"  	[MsgId: MMSG-26659]
..\\Parameters\\common_lib.h(41): Found resource "http://localhost:1080/WebTours/images/webtours.png" in HTML "http://localhost:1080/WebTours/header.html"  	[MsgId: MMSG-26659]
..\\Parameters\\common_lib.h(41): Detected non-resource "http://localhost:1080/cgi-bin/nav.pl?in=home" in "http://localhost:1080/cgi-bin/welcome.pl?signOff=true"  	[MsgId: MMSG-26574]
..\\Parameters\\common_lib.h(41): Detected non-resource "http://localhost:1080/WebTours/home.html" in "http://localhost:1080/cgi-bin/welcome.pl?signOff=true"  	[MsgId: MMSG-26574]
..\\Parameters\\common_lib.h(41): Warning -26627: HTTP Status-Code=404 (Not Found) for "http://localhost:1080/favicon.ico"  	[MsgId: MWAR-26627]
..\\Parameters\\common_lib.h(41): Found resource "http://localhost:1080/WebTours/images/mer_login.gif" in HTML "http://localhost:1080/cgi-bin/nav.pl?in=home"  	[MsgId: MMSG-26659]
..\\Parameters\\common_lib.h(41): web_url("WebTours") highest severity level was "warning", 10283 body bytes, 2587 header bytes, 24 chunking overhead bytes  	[MsgId: MMSG-26387]
..\\Parameters\\common_lib.h(53): Notify: Transaction "open_homepage" ended with a "Pass" status (Duration: 14,8213 Wasted Time: 0,0004).	[MsgId: MMSG-16871]
Action.c(7): lr_think_time: 5,00 seconds.	[MsgId: MMSG-15948]
..\\Parameters\\common_lib.h(2): Notify: Transaction "login" started.	[MsgId: MMSG-16999]
..\\Parameters\\common_lib.h(4): web_reg_find started  	[MsgId: MMSG-26355]
..\\Parameters\\common_lib.h(4): Registering web_reg_find was successful  	[MsgId: MMSG-26390]
..\\Parameters\\common_lib.h(7): web_submit_data("login.pl") started  	[MsgId: MMSG-26355]
..\\Parameters\\common_lib.h(7): Detected non-resource "http://localhost:1080/cgi-bin/nav.pl?page=menu&in=home" in "http://localhost:1080/cgi-bin/login.pl"  	[MsgId: MMSG-26574]
..\\Parameters\\common_lib.h(7): Detected non-resource "http://localhost:1080/cgi-bin/login.pl?intro=true" in "http://localhost:1080/cgi-bin/login.pl"  	[MsgId: MMSG-26574]
..\\Parameters\\common_lib.h(7): Found resource "http://localhost:1080/WebTours/images/flights.gif" in HTML "http://localhost:1080/cgi-bin/nav.pl?page=menu&in=home"  	[MsgId: MMSG-26659]
..\\Parameters\\common_lib.h(7): Found resource "http://localhost:1080/WebTours/images/itinerary.gif" in HTML "http://localhost:1080/cgi-bin/nav.pl?page=menu&in=home"  	[MsgId: MMSG-26659]
..\\Parameters\\common_lib.h(7): Found resource "http://localhost:1080/WebTours/images/in_home.gif" in HTML "http://localhost:1080/cgi-bin/nav.pl?page=menu&in=home"  	[MsgId: MMSG-26659]
..\\Parameters\\common_lib.h(7): Found resource "http://localhost:1080/WebTours/images/signoff.gif" in HTML "http://localhost:1080/cgi-bin/nav.pl?page=menu&in=home"  	[MsgId: MMSG-26659]
..\\Parameters\\common_lib.h(7): Registered web_reg_find successful for "Text=Welcome, <b>littlesecret</b>, to the Web Tours reservation pages." (count=1)  	[MsgId: MMSG-26364]
..\\Parameters\\common_lib.h(7): web_submit_data("login.pl") was successful, 5787 body bytes, 2061 header bytes, 36 chunking overhead bytes  	[MsgId: MMSG-26385]
..\\Parameters\\common_lib.h(23): Notify: Transaction "login" ended with a "Pass" status (Duration: 16,7836 Wasted Time: 0,0000).	[MsgId: MMSG-16871]
..\\Parameters\\common_lib.h(154): Notify: Transaction "click_Itinerary" started.	[MsgId: MMSG-16999]
..\\Parameters\\common_lib.h(156): web_url("Itinerary Button") started  	[MsgId: MMSG-26355]
..\\Parameters\\common_lib.h(156): Detected non-resource "http://localhost:1080/cgi-bin/nav.pl?page=menu&in=itinerary" in "http://localhost:1080/cgi-bin/welcome.pl?page=itinerary"  	[MsgId: MMSG-26574]
..\\Parameters\\common_lib.h(156): Detected non-resource "http://localhost:1080/cgi-bin/itinerary.pl" in "http://localhost:1080/cgi-bin/welcome.pl?page=itinerary"  	[MsgId: MMSG-26574]
..\\Parameters\\common_lib.h(156): Resource "http://localhost:1080/WebTours/images/flights.gif" is in the cache already and will not be downloaded again  	[MsgId: MMSG-26655]
..\\Parameters\\common_lib.h(156): Found resource "http://localhost:1080/WebTours/images/in_itinerary.gif" in HTML "http://localhost:1080/cgi-bin/nav.pl?page=menu&in=itinerary"  	[MsgId: MMSG-26659]
..\\Parameters\\common_lib.h(156): Found resource "http://localhost:1080/WebTours/images/home.gif" in HTML "http://localhost:1080/cgi-bin/nav.pl?page=menu&in=itinerary"  	[MsgId: MMSG-26659]
..\\Parameters\\common_lib.h(156): Resource "http://localhost:1080/WebTours/images/signoff.gif" is in the cache already and will not be downloaded again  	[MsgId: MMSG-26655]
..\\Parameters\\common_lib.h(156): Found resource "http://localhost:1080/WebTours/images/cancelreservation.gif" in HTML "http://localhost:1080/cgi-bin/itinerary.pl"  	[MsgId: MMSG-26659]
..\\Parameters\\common_lib.h(156): Found resource "http://localhost:1080/WebTours/images/cancelallreservations.gif" in HTML "http://localhost:1080/cgi-bin/itinerary.pl"  	[MsgId: MMSG-26659]
..\\Parameters\\common_lib.h(156): web_url("Itinerary Button") was successful, 111415 body bytes, 1913 header bytes, 228 chunking overhead bytes  	[MsgId: MMSG-26385]
..\\Parameters\\common_lib.h(166): Notify: Transaction "click_Itinerary" ended with a "Pass" status (Duration: 0,1463).	[MsgId: MMSG-16873]
..\\Parameters\\common_lib.h(169): Notify: Transaction "Logout" started.	[MsgId: MMSG-16999]
..\\Parameters\\common_lib.h(171): web_reg_find started  	[MsgId: MMSG-26355]
..\\Parameters\\common_lib.h(171): Registering web_reg_find was successful  	[MsgId: MMSG-26390]
..\\Parameters\\common_lib.h(174): web_url("SignOff Button") started  	[MsgId: MMSG-26355]
..\\Parameters\\common_lib.h(174): Detected non-resource "http://localhost:1080/cgi-bin/nav.pl?in=home" in "http://localhost:1080/cgi-bin/welcome.pl?signOff=1"  	[MsgId: MMSG-26574]
..\\Parameters\\common_lib.h(174): Detected non-resource "http://localhost:1080/WebTours/home.html" in "http://localhost:1080/cgi-bin/welcome.pl?signOff=1"  	[MsgId: MMSG-26574]
..\\Parameters\\common_lib.h(174): Retrieving data from cache for "http://localhost:1080/WebTours/home.html"  	[MsgId: MMSG-26558]
..\\Parameters\\common_lib.h(174): Resource "http://localhost:1080/WebTours/images/mer_login.gif" is in the cache already and will not be downloaded again  	[MsgId: MMSG-26655]
..\\Parameters\\common_lib.h(174): Registered web_reg_find successful for "Text=Welcome to the Web Tours site." (count=1)  	[MsgId: MMSG-26364]
..\\Parameters\\common_lib.h(174): web_url("SignOff Button") was successful, 2172 body bytes, 582 header bytes, 24 chunking overhead bytes  	[MsgId: MMSG-26385]
..\\Parameters\\common_lib.h(184): Notify: Transaction "Logout" ended with a "Pass" status (Duration: 0,0826 Wasted Time: 0,0000).	[MsgId: MMSG-16871]
Action.c(15): Notify: Transaction "UC_6_Itinerary" ended with a "Pass" status (Duration: 36,8405 Think Time: 5,0063 Wasted Time: 0,0004).	[MsgId: MMSG-16870]
Ending action Action.	[MsgId: MMSG-15918]
Ending iteration 5.	[MsgId: MMSG-15965]
Waiting 79,1590 seconds for iteration pacing.	[MsgId: MMSG-15996]
Starting iteration 6.	[MsgId: MMSG-15968]
Starting action Action.	[MsgId: MMSG-15919]
Action.c(3): Notify: Transaction "UC_6_Itinerary" started.	[MsgId: MMSG-16999]
..\\Parameters\\common_lib.h(27): Notify: Transaction "open_homepage" started.	[MsgId: MMSG-16999]
..\\Parameters\\common_lib.h(30): web_reg_save_param_attrib started  	[MsgId: MMSG-26355]
..\\Parameters\\common_lib.h(30): Registering web_reg_save_param_attrib was successful  	[MsgId: MMSG-26390]
..\\Parameters\\common_lib.h(41): web_url("WebTours") started  	[MsgId: MMSG-26355]
..\\Parameters\\common_lib.h(41): Detected non-resource "http://localhost:1080/WebTours/header.html" in "http://localhost:1080/WebTours/"  	[MsgId: MMSG-26574]
..\\Parameters\\common_lib.h(41): Detected non-resource "http://localhost:1080/cgi-bin/welcome.pl?signOff=true" in "http://localhost:1080/WebTours/"  	[MsgId: MMSG-26574]
..\\Parameters\\common_lib.h(41): Downloading resource "http://localhost:1080/favicon.ico" (specified by argument number 10)  	[MsgId: MMSG-26577]
..\\Parameters\\common_lib.h(41): Found resource "http://localhost:1080/WebTours/images/hp_logo.png" in HTML "http://localhost:1080/WebTours/header.html"  	[MsgId: MMSG-26659]
..\\Parameters\\common_lib.h(41): Found resource "http://localhost:1080/WebTours/images/webtours.png" in HTML "http://localhost:1080/WebTours/header.html"  	[MsgId: MMSG-26659]
..\\Parameters\\common_lib.h(41): Detected non-resource "http://localhost:1080/cgi-bin/nav.pl?in=home" in "http://localhost:1080/cgi-bin/welcome.pl?signOff=true"  	[MsgId: MMSG-26574]
..\\Parameters\\common_lib.h(41): Detected non-resource "http://localhost:1080/WebTours/home.html" in "http://localhost:1080/cgi-bin/welcome.pl?signOff=true"  	[MsgId: MMSG-26574]
..\\Parameters\\common_lib.h(41): Warning -26627: HTTP Status-Code=404 (Not Found) for "http://localhost:1080/favicon.ico"  	[MsgId: MWAR-26627]
..\\Parameters\\common_lib.h(41): Found resource "http://localhost:1080/WebTours/images/mer_login.gif" in HTML "http://localhost:1080/cgi-bin/nav.pl?in=home"  	[MsgId: MMSG-26659]
..\\Parameters\\common_lib.h(41): web_url("WebTours") highest severity level was "warning", 10285 body bytes, 2589 header bytes, 24 chunking overhead bytes  	[MsgId: MMSG-26387]
..\\Parameters\\common_lib.h(53): Notify: Transaction "open_homepage" ended with a "Pass" status (Duration: 15,3387 Wasted Time: 0,0003).	[MsgId: MMSG-16871]
Action.c(7): lr_think_time: 5,00 seconds.	[MsgId: MMSG-15948]
..\\Parameters\\common_lib.h(2): Notify: Transaction "login" started.	[MsgId: MMSG-16999]
..\\Parameters\\common_lib.h(4): web_reg_find started  	[MsgId: MMSG-26355]
..\\Parameters\\common_lib.h(4): Registering web_reg_find was successful  	[MsgId: MMSG-26390]
..\\Parameters\\common_lib.h(7): web_submit_data("login.pl") started  	[MsgId: MMSG-26355]
..\\Parameters\\common_lib.h(7): Detected non-resource "http://localhost:1080/cgi-bin/nav.pl?page=menu&in=home" in "http://localhost:1080/cgi-bin/login.pl"  	[MsgId: MMSG-26574]
..\\Parameters\\common_lib.h(7): Detected non-resource "http://localhost:1080/cgi-bin/login.pl?intro=true" in "http://localhost:1080/cgi-bin/login.pl"  	[MsgId: MMSG-26574]
..\\Parameters\\common_lib.h(7): Found resource "http://localhost:1080/WebTours/images/flights.gif" in HTML "http://localhost:1080/cgi-bin/nav.pl?page=menu&in=home"  	[MsgId: MMSG-26659]
..\\Parameters\\common_lib.h(7): Found resource "http://localhost:1080/WebTours/images/itinerary.gif" in HTML "http://localhost:1080/cgi-bin/nav.pl?page=menu&in=home"  	[MsgId: MMSG-26659]
..\\Parameters\\common_lib.h(7): Found resource "http://localhost:1080/WebTours/images/in_home.gif" in HTML "http://localhost:1080/cgi-bin/nav.pl?page=menu&in=home"  	[MsgId: MMSG-26659]
..\\Parameters\\common_lib.h(7): Found resource "http://localhost:1080/WebTours/images/signoff.gif" in HTML "http://localhost:1080/cgi-bin/nav.pl?page=menu&in=home"  	[MsgId: MMSG-26659]
..\\Parameters\\common_lib.h(7): Registered web_reg_find successful for "Text=Welcome, <b>hill</b>, to the Web Tours reservation pages." (count=1)  	[MsgId: MMSG-26364]
..\\Parameters\\common_lib.h(7): web_submit_data("login.pl") was successful, 5779 body bytes, 2052 header bytes, 36 chunking overhead bytes  	[MsgId: MMSG-26385]
..\\Parameters\\common_lib.h(23): Notify: Transaction "login" ended with a "Pass" status (Duration: 16,2836 Wasted Time: 0,0000).	[MsgId: MMSG-16871]
..\\Parameters\\common_lib.h(154): Notify: Transaction "click_Itinerary" started.	[MsgId: MMSG-16999]
..\\Parameters\\common_lib.h(156): web_url("Itinerary Button") started  	[MsgId: MMSG-26355]
..\\Parameters\\common_lib.h(156): Detected non-resource "http://localhost:1080/cgi-bin/nav.pl?page=menu&in=itinerary" in "http://localhost:1080/cgi-bin/welcome.pl?page=itinerary"  	[MsgId: MMSG-26574]
..\\Parameters\\common_lib.h(156): Detected non-resource "http://localhost:1080/cgi-bin/itinerary.pl" in "http://localhost:1080/cgi-bin/welcome.pl?page=itinerary"  	[MsgId: MMSG-26574]
..\\Parameters\\common_lib.h(156): Resource "http://localhost:1080/WebTours/images/flights.gif" is in the cache already and will not be downloaded again  	[MsgId: MMSG-26655]
..\\Parameters\\common_lib.h(156): Found resource "http://localhost:1080/WebTours/images/in_itinerary.gif" in HTML "http://localhost:1080/cgi-bin/nav.pl?page=menu&in=itinerary"  	[MsgId: MMSG-26659]
..\\Parameters\\common_lib.h(156): Found resource "http://localhost:1080/WebTours/images/home.gif" in HTML "http://localhost:1080/cgi-bin/nav.pl?page=menu&in=itinerary"  	[MsgId: MMSG-26659]
..\\Parameters\\common_lib.h(156): Resource "http://localhost:1080/WebTours/images/signoff.gif" is in the cache already and will not be downloaded again  	[MsgId: MMSG-26655]
..\\Parameters\\common_lib.h(156): Found resource "http://localhost:1080/WebTours/images/cancelreservation.gif" in HTML "http://localhost:1080/cgi-bin/itinerary.pl"  	[MsgId: MMSG-26659]
..\\Parameters\\common_lib.h(156): Found resource "http://localhost:1080/WebTours/images/cancelallreservations.gif" in HTML "http://localhost:1080/cgi-bin/itinerary.pl"  	[MsgId: MMSG-26659]
..\\Parameters\\common_lib.h(156): web_url("Itinerary Button") was successful, 115014 body bytes, 1913 header bytes, 236 chunking overhead bytes  	[MsgId: MMSG-26385]
..\\Parameters\\common_lib.h(166): Notify: Transaction "click_Itinerary" ended with a "Pass" status (Duration: 0,1679).	[MsgId: MMSG-16873]
..\\Parameters\\common_lib.h(169): Notify: Transaction "Logout" started.	[MsgId: MMSG-16999]
..\\Parameters\\common_lib.h(171): web_reg_find started  	[MsgId: MMSG-26355]
..\\Parameters\\common_lib.h(171): Registering web_reg_find was successful  	[MsgId: MMSG-26390]
..\\Parameters\\common_lib.h(174): web_url("SignOff Button") started  	[MsgId: MMSG-26355]
..\\Parameters\\common_lib.h(174): Detected non-resource "http://localhost:1080/cgi-bin/nav.pl?in=home" in "http://localhost:1080/cgi-bin/welcome.pl?signOff=1"  	[MsgId: MMSG-26574]
..\\Parameters\\common_lib.h(174): Detected non-resource "http://localhost:1080/WebTours/home.html" in "http://localhost:1080/cgi-bin/welcome.pl?signOff=1"  	[MsgId: MMSG-26574]
..\\Parameters\\common_lib.h(174): Retrieving data from cache for "http://localhost:1080/WebTours/home.html"  	[MsgId: MMSG-26558]
..\\Parameters\\common_lib.h(174): Resource "http://localhost:1080/WebTours/images/mer_login.gif" is in the cache already and will not be downloaded again  	[MsgId: MMSG-26655]
..\\Parameters\\common_lib.h(174): Registered web_reg_find successful for "Text=Welcome to the Web Tours site." (count=1)  	[MsgId: MMSG-26364]
..\\Parameters\\common_lib.h(174): web_url("SignOff Button") was successful, 2176 body bytes, 582 header bytes, 24 chunking overhead bytes  	[MsgId: MMSG-26385]
..\\Parameters\\common_lib.h(184): Notify: Transaction "Logout" ended with a "Pass" status (Duration: 0,0870 Wasted Time: 0,0000).	[MsgId: MMSG-16871]
Action.c(15): Notify: Transaction "UC_6_Itinerary" ended with a "Pass" status (Duration: 36,8831 Think Time: 5,0054 Wasted Time: 0,0004).	[MsgId: MMSG-16870]
Ending action Action.	[MsgId: MMSG-15918]
Ending iteration 6.	[MsgId: MMSG-15965]
Waiting 79,1170 seconds for iteration pacing.	[MsgId: MMSG-15996]
Starting iteration 7.	[MsgId: MMSG-15968]
Starting action Action.	[MsgId: MMSG-15919]
Action.c(3): Notify: Transaction "UC_6_Itinerary" started.	[MsgId: MMSG-16999]
..\\Parameters\\common_lib.h(27): Notify: Transaction "open_homepage" started.	[MsgId: MMSG-16999]
..\\Parameters\\common_lib.h(30): web_reg_save_param_attrib started  	[MsgId: MMSG-26355]
..\\Parameters\\common_lib.h(30): Registering web_reg_save_param_attrib was successful  	[MsgId: MMSG-26390]
..\\Parameters\\common_lib.h(41): web_url("WebTours") started  	[MsgId: MMSG-26355]
..\\Parameters\\common_lib.h(41): Detected non-resource "http://localhost:1080/WebTours/header.html" in "http://localhost:1080/WebTours/"  	[MsgId: MMSG-26574]
..\\Parameters\\common_lib.h(41): Detected non-resource "http://localhost:1080/cgi-bin/welcome.pl?signOff=true" in "http://localhost:1080/WebTours/"  	[MsgId: MMSG-26574]
..\\Parameters\\common_lib.h(41): Downloading resource "http://localhost:1080/favicon.ico" (specified by argument number 10)  	[MsgId: MMSG-26577]
..\\Parameters\\common_lib.h(41): Found resource "http://localhost:1080/WebTours/images/hp_logo.png" in HTML "http://localhost:1080/WebTours/header.html"  	[MsgId: MMSG-26659]
..\\Parameters\\common_lib.h(41): Found resource "http://localhost:1080/WebTours/images/webtours.png" in HTML "http://localhost:1080/WebTours/header.html"  	[MsgId: MMSG-26659]
..\\Parameters\\common_lib.h(41): Detected non-resource "http://localhost:1080/cgi-bin/nav.pl?in=home" in "http://localhost:1080/cgi-bin/welcome.pl?signOff=true"  	[MsgId: MMSG-26574]
..\\Parameters\\common_lib.h(41): Detected non-resource "http://localhost:1080/WebTours/home.html" in "http://localhost:1080/cgi-bin/welcome.pl?signOff=true"  	[MsgId: MMSG-26574]
..\\Parameters\\common_lib.h(41): Found resource "http://localhost:1080/WebTours/images/mer_login.gif" in HTML "http://localhost:1080/cgi-bin/nav.pl?in=home"  	[MsgId: MMSG-26659]
..\\Parameters\\common_lib.h(41): Warning -26627: HTTP Status-Code=404 (Not Found) for "http://localhost:1080/favicon.ico"  	[MsgId: MWAR-26627]
..\\Parameters\\common_lib.h(41): web_url("WebTours") highest severity level was "warning", 10289 body bytes, 2589 header bytes, 24 chunking overhead bytes  	[MsgId: MMSG-26387]
..\\Parameters\\common_lib.h(53): Notify: Transaction "open_homepage" ended with a "Pass" status (Duration: 15,7780 Wasted Time: 0,0003).	[MsgId: MMSG-16871]
Action.c(7): lr_think_time: 5,00 seconds.	[MsgId: MMSG-15948]
..\\Parameters\\common_lib.h(2): Notify: Transaction "login" started.	[MsgId: MMSG-16999]
..\\Parameters\\common_lib.h(4): web_reg_find started  	[MsgId: MMSG-26355]
..\\Parameters\\common_lib.h(4): Registering web_reg_find was successful  	[MsgId: MMSG-26390]
..\\Parameters\\common_lib.h(7): web_submit_data("login.pl") started  	[MsgId: MMSG-26355]
..\\Parameters\\common_lib.h(7): Detected non-resource "http://localhost:1080/cgi-bin/nav.pl?page=menu&in=home" in "http://localhost:1080/cgi-bin/login.pl"  	[MsgId: MMSG-26574]
..\\Parameters\\common_lib.h(7): Detected non-resource "http://localhost:1080/cgi-bin/login.pl?intro=true" in "http://localhost:1080/cgi-bin/login.pl"  	[MsgId: MMSG-26574]
..\\Parameters\\common_lib.h(7): Found resource "http://localhost:1080/WebTours/images/flights.gif" in HTML "http://localhost:1080/cgi-bin/nav.pl?page=menu&in=home"  	[MsgId: MMSG-26659]
..\\Parameters\\common_lib.h(7): Found resource "http://localhost:1080/WebTours/images/itinerary.gif" in HTML "http://localhost:1080/cgi-bin/nav.pl?page=menu&in=home"  	[MsgId: MMSG-26659]
..\\Parameters\\common_lib.h(7): Found resource "http://localhost:1080/WebTours/images/in_home.gif" in HTML "http://localhost:1080/cgi-bin/nav.pl?page=menu&in=home"  	[MsgId: MMSG-26659]
..\\Parameters\\common_lib.h(7): Found resource "http://localhost:1080/WebTours/images/signoff.gif" in HTML "http://localhost:1080/cgi-bin/nav.pl?page=menu&in=home"  	[MsgId: MMSG-26659]
..\\Parameters\\common_lib.h(7): Registered web_reg_find successful for "Text=Welcome, <b>hill</b>, to the Web Tours reservation pages." (count=1)  	[MsgId: MMSG-26364]
..\\Parameters\\common_lib.h(7): web_submit_data("login.pl") was successful, 5779 body bytes, 2052 header bytes, 36 chunking overhead bytes  	[MsgId: MMSG-26385]
..\\Parameters\\common_lib.h(23): Notify: Transaction "login" ended with a "Pass" status (Duration: 15,5525 Wasted Time: 0,0000).	[MsgId: MMSG-16871]
..\\Parameters\\common_lib.h(154): Notify: Transaction "click_Itinerary" started.	[MsgId: MMSG-16999]
..\\Parameters\\common_lib.h(156): web_url("Itinerary Button") started  	[MsgId: MMSG-26355]
..\\Parameters\\common_lib.h(156): Detected non-resource "http://localhost:1080/cgi-bin/nav.pl?page=menu&in=itinerary" in "http://localhost:1080/cgi-bin/welcome.pl?page=itinerary"  	[MsgId: MMSG-26574]
..\\Parameters\\common_lib.h(156): Detected non-resource "http://localhost:1080/cgi-bin/itinerary.pl" in "http://localhost:1080/cgi-bin/welcome.pl?page=itinerary"  	[MsgId: MMSG-26574]
..\\Parameters\\common_lib.h(156): Resource "http://localhost:1080/WebTours/images/flights.gif" is in the cache already and will not be downloaded again  	[MsgId: MMSG-26655]
..\\Parameters\\common_lib.h(156): Found resource "http://localhost:1080/WebTours/images/in_itinerary.gif" in HTML "http://localhost:1080/cgi-bin/nav.pl?page=menu&in=itinerary"  	[MsgId: MMSG-26659]
..\\Parameters\\common_lib.h(156): Found resource "http://localhost:1080/WebTours/images/home.gif" in HTML "http://localhost:1080/cgi-bin/nav.pl?page=menu&in=itinerary"  	[MsgId: MMSG-26659]
..\\Parameters\\common_lib.h(156): Resource "http://localhost:1080/WebTours/images/signoff.gif" is in the cache already and will not be downloaded again  	[MsgId: MMSG-26655]
..\\Parameters\\common_lib.h(156): Found resource "http://localhost:1080/WebTours/images/cancelreservation.gif" in HTML "http://localhost:1080/cgi-bin/itinerary.pl"  	[MsgId: MMSG-26659]
..\\Parameters\\common_lib.h(156): Found resource "http://localhost:1080/WebTours/images/cancelallreservations.gif" in HTML "http://localhost:1080/cgi-bin/itinerary.pl"  	[MsgId: MMSG-26659]
..\\Parameters\\common_lib.h(156): web_url("Itinerary Button") was successful, 116247 body bytes, 1913 header bytes, 244 chunking overhead bytes  	[MsgId: MMSG-26385]
..\\Parameters\\common_lib.h(166): Notify: Transaction "click_Itinerary" ended with a "Pass" status (Duration: 0,1487).	[MsgId: MMSG-16873]
..\\Parameters\\common_lib.h(169): Notify: Transaction "Logout" started.	[MsgId: MMSG-16999]
..\\Parameters\\common_lib.h(171): web_reg_find started  	[MsgId: MMSG-26355]
..\\Parameters\\common_lib.h(171): Registering web_reg_find was successful  	[MsgId: MMSG-26390]
..\\Parameters\\common_lib.h(174): web_url("SignOff Button") started  	[MsgId: MMSG-26355]
..\\Parameters\\common_lib.h(174): Detected non-resource "http://localhost:1080/cgi-bin/nav.pl?in=home" in "http://localhost:1080/cgi-bin/welcome.pl?signOff=1"  	[MsgId: MMSG-26574]
..\\Parameters\\common_lib.h(174): Detected non-resource "http://localhost:1080/WebTours/home.html" in "http://localhost:1080/cgi-bin/welcome.pl?signOff=1"  	[MsgId: MMSG-26574]
..\\Parameters\\common_lib.h(174): Retrieving data from cache for "http://localhost:1080/WebTours/home.html"  	[MsgId: MMSG-26558]
..\\Parameters\\common_lib.h(174): Resource "http://localhost:1080/WebTours/images/mer_login.gif" is in the cache already and will not be downloaded again  	[MsgId: MMSG-26655]
..\\Parameters\\common_lib.h(174): Registered web_reg_find successful for "Text=Welcome to the Web Tours site." (count=1)  	[MsgId: MMSG-26364]
..\\Parameters\\common_lib.h(174): web_url("SignOff Button") was successful, 2176 body bytes, 582 header bytes, 24 chunking overhead bytes  	[MsgId: MMSG-26385]
..\\Parameters\\common_lib.h(184): Notify: Transaction "Logout" ended with a "Pass" status (Duration: 0,0869 Wasted Time: 0,0000).	[MsgId: MMSG-16871]
Action.c(15): Notify: Transaction "UC_6_Itinerary" ended with a "Pass" status (Duration: 36,5748 Think Time: 5,0084 Wasted Time: 0,0003).	[MsgId: MMSG-16870]
Ending action Action.	[MsgId: MMSG-15918]
Ending iteration 7.	[MsgId: MMSG-15965]
Waiting 79,4250 seconds for iteration pacing.	[MsgId: MMSG-15996]
Starting iteration 8.	[MsgId: MMSG-15968]
Starting action Action.	[MsgId: MMSG-15919]
Action.c(3): Notify: Transaction "UC_6_Itinerary" started.	[MsgId: MMSG-16999]
..\\Parameters\\common_lib.h(27): Notify: Transaction "open_homepage" started.	[MsgId: MMSG-16999]
..\\Parameters\\common_lib.h(30): web_reg_save_param_attrib started  	[MsgId: MMSG-26355]
..\\Parameters\\common_lib.h(30): Registering web_reg_save_param_attrib was successful  	[MsgId: MMSG-26390]
..\\Parameters\\common_lib.h(41): web_url("WebTours") started  	[MsgId: MMSG-26355]
..\\Parameters\\common_lib.h(41): Detected non-resource "http://localhost:1080/WebTours/header.html" in "http://localhost:1080/WebTours/"  	[MsgId: MMSG-26574]
..\\Parameters\\common_lib.h(41): Detected non-resource "http://localhost:1080/cgi-bin/welcome.pl?signOff=true" in "http://localhost:1080/WebTours/"  	[MsgId: MMSG-26574]
..\\Parameters\\common_lib.h(41): Downloading resource "http://localhost:1080/favicon.ico" (specified by argument number 10)  	[MsgId: MMSG-26577]
..\\Parameters\\common_lib.h(41): Found resource "http://localhost:1080/WebTours/images/hp_logo.png" in HTML "http://localhost:1080/WebTours/header.html"  	[MsgId: MMSG-26659]
..\\Parameters\\common_lib.h(41): Found resource "http://localhost:1080/WebTours/images/webtours.png" in HTML "http://localhost:1080/WebTours/header.html"  	[MsgId: MMSG-26659]
..\\Parameters\\common_lib.h(41): Warning -26627: HTTP Status-Code=404 (Not Found) for "http://localhost:1080/favicon.ico"  	[MsgId: MWAR-26627]
..\\Parameters\\common_lib.h(41): Detected non-resource "http://localhost:1080/cgi-bin/nav.pl?in=home" in "http://localhost:1080/cgi-bin/welcome.pl?signOff=true"  	[MsgId: MMSG-26574]
..\\Parameters\\common_lib.h(41): Detected non-resource "http://localhost:1080/WebTours/home.html" in "http://localhost:1080/cgi-bin/welcome.pl?signOff=true"  	[MsgId: MMSG-26574]
..\\Parameters\\common_lib.h(41): Found resource "http://localhost:1080/WebTours/images/mer_login.gif" in HTML "http://localhost:1080/cgi-bin/nav.pl?in=home"  	[MsgId: MMSG-26659]
..\\Parameters\\common_lib.h(41): web_url("WebTours") highest severity level was "warning", 10287 body bytes, 2589 header bytes, 24 chunking overhead bytes  	[MsgId: MMSG-26387]
..\\Parameters\\common_lib.h(53): Notify: Transaction "open_homepage" ended with a "Pass" status (Duration: 16,6463 Wasted Time: 0,0003).	[MsgId: MMSG-16871]
Action.c(7): lr_think_time: 5,00 seconds.	[MsgId: MMSG-15948]
..\\Parameters\\common_lib.h(2): Notify: Transaction "login" started.	[MsgId: MMSG-16999]
..\\Parameters\\common_lib.h(4): web_reg_find started  	[MsgId: MMSG-26355]
..\\Parameters\\common_lib.h(4): Registering web_reg_find was successful  	[MsgId: MMSG-26390]
..\\Parameters\\common_lib.h(7): web_submit_data("login.pl") started  	[MsgId: MMSG-26355]
..\\Parameters\\common_lib.h(7): Detected non-resource "http://localhost:1080/cgi-bin/nav.pl?page=menu&in=home" in "http://localhost:1080/cgi-bin/login.pl"  	[MsgId: MMSG-26574]
..\\Parameters\\common_lib.h(7): Detected non-resource "http://localhost:1080/cgi-bin/login.pl?intro=true" in "http://localhost:1080/cgi-bin/login.pl"  	[MsgId: MMSG-26574]
..\\Parameters\\common_lib.h(7): Found resource "http://localhost:1080/WebTours/images/flights.gif" in HTML "http://localhost:1080/cgi-bin/nav.pl?page=menu&in=home"  	[MsgId: MMSG-26659]
..\\Parameters\\common_lib.h(7): Found resource "http://localhost:1080/WebTours/images/itinerary.gif" in HTML "http://localhost:1080/cgi-bin/nav.pl?page=menu&in=home"  	[MsgId: MMSG-26659]
..\\Parameters\\common_lib.h(7): Found resource "http://localhost:1080/WebTours/images/in_home.gif" in HTML "http://localhost:1080/cgi-bin/nav.pl?page=menu&in=home"  	[MsgId: MMSG-26659]
..\\Parameters\\common_lib.h(7): Found resource "http://localhost:1080/WebTours/images/signoff.gif" in HTML "http://localhost:1080/cgi-bin/nav.pl?page=menu&in=home"  	[MsgId: MMSG-26659]
..\\Parameters\\common_lib.h(7): Registered web_reg_find successful for "Text=Welcome, <b>agentsmth</b>, to the Web Tours reservation pages." (count=1)  	[MsgId: MMSG-26364]
..\\Parameters\\common_lib.h(7): web_submit_data("login.pl") was successful, 5784 body bytes, 2072 header bytes, 36 chunking overhead bytes  	[MsgId: MMSG-26385]
..\\Parameters\\common_lib.h(23): Notify: Transaction "login" ended with a "Pass" status (Duration: 15,0547 Wasted Time: 0,0000).	[MsgId: MMSG-16871]
..\\Parameters\\common_lib.h(154): Notify: Transaction "click_Itinerary" started.	[MsgId: MMSG-16999]
..\\Parameters\\common_lib.h(156): web_url("Itinerary Button") started  	[MsgId: MMSG-26355]
..\\Parameters\\common_lib.h(156): Detected non-resource "http://localhost:1080/cgi-bin/nav.pl?page=menu&in=itinerary" in "http://localhost:1080/cgi-bin/welcome.pl?page=itinerary"  	[MsgId: MMSG-26574]
..\\Parameters\\common_lib.h(156): Detected non-resource "http://localhost:1080/cgi-bin/itinerary.pl" in "http://localhost:1080/cgi-bin/welcome.pl?page=itinerary"  	[MsgId: MMSG-26574]
..\\Parameters\\common_lib.h(156): Resource "http://localhost:1080/WebTours/images/flights.gif" is in the cache already and will not be downloaded again  	[MsgId: MMSG-26655]
..\\Parameters\\common_lib.h(156): Found resource "http://localhost:1080/WebTours/images/in_itinerary.gif" in HTML "http://localhost:1080/cgi-bin/nav.pl?page=menu&in=itinerary"  	[MsgId: MMSG-26659]
..\\Parameters\\common_lib.h(156): Found resource "http://localhost:1080/WebTours/images/home.gif" in HTML "http://localhost:1080/cgi-bin/nav.pl?page=menu&in=itinerary"  	[MsgId: MMSG-26659]
..\\Parameters\\common_lib.h(156): Resource "http://localhost:1080/WebTours/images/signoff.gif" is in the cache already and will not be downloaded again  	[MsgId: MMSG-26655]
..\\Parameters\\common_lib.h(156): Found resource "http://localhost:1080/WebTours/images/cancelreservation.gif" in HTML "http://localhost:1080/cgi-bin/itinerary.pl"  	[MsgId: MMSG-26659]
..\\Parameters\\common_lib.h(156): Found resource "http://localhost:1080/WebTours/images/cancelallreservations.gif" in HTML "http://localhost:1080/cgi-bin/itinerary.pl"  	[MsgId: MMSG-26659]
..\\Parameters\\common_lib.h(156): web_url("Itinerary Button") was successful, 110363 body bytes, 1913 header bytes, 228 chunking overhead bytes  	[MsgId: MMSG-26385]
..\\Parameters\\common_lib.h(166): Notify: Transaction "click_Itinerary" ended with a "Pass" status (Duration: 0,1605).	[MsgId: MMSG-16873]
..\\Parameters\\common_lib.h(169): Notify: Transaction "Logout" started.	[MsgId: MMSG-16999]
..\\Parameters\\common_lib.h(171): web_reg_find started  	[MsgId: MMSG-26355]
..\\Parameters\\common_lib.h(171): Registering web_reg_find was successful  	[MsgId: MMSG-26390]
..\\Parameters\\common_lib.h(174): web_url("SignOff Button") started  	[MsgId: MMSG-26355]
..\\Parameters\\common_lib.h(174): Detected non-resource "http://localhost:1080/cgi-bin/nav.pl?in=home" in "http://localhost:1080/cgi-bin/welcome.pl?signOff=1"  	[MsgId: MMSG-26574]
..\\Parameters\\common_lib.h(174): Detected non-resource "http://localhost:1080/WebTours/home.html" in "http://localhost:1080/cgi-bin/welcome.pl?signOff=1"  	[MsgId: MMSG-26574]
..\\Parameters\\common_lib.h(174): Retrieving data from cache for "http://localhost:1080/WebTours/home.html"  	[MsgId: MMSG-26558]
..\\Parameters\\common_lib.h(174): Resource "http://localhost:1080/WebTours/images/mer_login.gif" is in the cache already and will not be downloaded again  	[MsgId: MMSG-26655]
..\\Parameters\\common_lib.h(174): Registered web_reg_find successful for "Text=Welcome to the Web Tours site." (count=1)  	[MsgId: MMSG-26364]
..\\Parameters\\common_lib.h(174): web_url("SignOff Button") was successful, 2172 body bytes, 582 header bytes, 24 chunking overhead bytes  	[MsgId: MMSG-26385]
..\\Parameters\\common_lib.h(184): Notify: Transaction "Logout" ended with a "Pass" status (Duration: 0,0807 Wasted Time: 0,0000).	[MsgId: MMSG-16871]
Action.c(15): Notify: Transaction "UC_6_Itinerary" ended with a "Pass" status (Duration: 36,9564 Think Time: 5,0138 Wasted Time: 0,0003).	[MsgId: MMSG-16870]
Ending action Action.	[MsgId: MMSG-15918]
Ending iteration 8.	[MsgId: MMSG-15965]
Waiting 79,0430 seconds for iteration pacing.	[MsgId: MMSG-15996]
Starting iteration 9.	[MsgId: MMSG-15968]
Starting action Action.	[MsgId: MMSG-15919]
Action.c(3): Notify: Transaction "UC_6_Itinerary" started.	[MsgId: MMSG-16999]
..\\Parameters\\common_lib.h(27): Notify: Transaction "open_homepage" started.	[MsgId: MMSG-16999]
..\\Parameters\\common_lib.h(30): web_reg_save_param_attrib started  	[MsgId: MMSG-26355]
..\\Parameters\\common_lib.h(30): Registering web_reg_save_param_attrib was successful  	[MsgId: MMSG-26390]
..\\Parameters\\common_lib.h(41): web_url("WebTours") started  	[MsgId: MMSG-26355]
..\\Parameters\\common_lib.h(41): Detected non-resource "http://localhost:1080/WebTours/header.html" in "http://localhost:1080/WebTours/"  	[MsgId: MMSG-26574]
..\\Parameters\\common_lib.h(41): Detected non-resource "http://localhost:1080/cgi-bin/welcome.pl?signOff=true" in "http://localhost:1080/WebTours/"  	[MsgId: MMSG-26574]
..\\Parameters\\common_lib.h(41): Downloading resource "http://localhost:1080/favicon.ico" (specified by argument number 10)  	[MsgId: MMSG-26577]
..\\Parameters\\common_lib.h(41): Found resource "http://localhost:1080/WebTours/images/hp_logo.png" in HTML "http://localhost:1080/WebTours/header.html"  	[MsgId: MMSG-26659]
..\\Parameters\\common_lib.h(41): Found resource "http://localhost:1080/WebTours/images/webtours.png" in HTML "http://localhost:1080/WebTours/header.html"  	[MsgId: MMSG-26659]
..\\Parameters\\common_lib.h(41): Warning -26627: HTTP Status-Code=404 (Not Found) for "http://localhost:1080/favicon.ico"  	[MsgId: MWAR-26627]
..\\Parameters\\common_lib.h(41): Detected non-resource "http://localhost:1080/cgi-bin/nav.pl?in=home" in "http://localhost:1080/cgi-bin/welcome.pl?signOff=true"  	[MsgId: MMSG-26574]
..\\Parameters\\common_lib.h(41): Detected non-resource "http://localhost:1080/WebTours/home.html" in "http://localhost:1080/cgi-bin/welcome.pl?signOff=true"  	[MsgId: MMSG-26574]
..\\Parameters\\common_lib.h(41): Found resource "http://localhost:1080/WebTours/images/mer_login.gif" in HTML "http://localhost:1080/cgi-bin/nav.pl?in=home"  	[MsgId: MMSG-26659]
..\\Parameters\\common_lib.h(41): web_url("WebTours") highest severity level was "warning", 10289 body bytes, 2587 header bytes, 24 chunking overhead bytes  	[MsgId: MMSG-26387]
..\\Parameters\\common_lib.h(53): Notify: Transaction "open_homepage" ended with a "Pass" status (Duration: 13,5579 Wasted Time: 0,0004).	[MsgId: MMSG-16871]
Action.c(7): lr_think_time: 5,00 seconds.	[MsgId: MMSG-15948]
..\\Parameters\\common_lib.h(2): Notify: Transaction "login" started.	[MsgId: MMSG-16999]
..\\Parameters\\common_lib.h(4): web_reg_find started  	[MsgId: MMSG-26355]
..\\Parameters\\common_lib.h(4): Registering web_reg_find was successful  	[MsgId: MMSG-26390]
..\\Parameters\\common_lib.h(7): web_submit_data("login.pl") started  	[MsgId: MMSG-26355]
..\\Parameters\\common_lib.h(7): Detected non-resource "http://localhost:1080/cgi-bin/nav.pl?page=menu&in=home" in "http://localhost:1080/cgi-bin/login.pl"  	[MsgId: MMSG-26574]
..\\Parameters\\common_lib.h(7): Detected non-resource "http://localhost:1080/cgi-bin/login.pl?intro=true" in "http://localhost:1080/cgi-bin/login.pl"  	[MsgId: MMSG-26574]
..\\Parameters\\common_lib.h(7): Found resource "http://localhost:1080/WebTours/images/flights.gif" in HTML "http://localhost:1080/cgi-bin/nav.pl?page=menu&in=home"  	[MsgId: MMSG-26659]
..\\Parameters\\common_lib.h(7): Found resource "http://localhost:1080/WebTours/images/itinerary.gif" in HTML "http://localhost:1080/cgi-bin/nav.pl?page=menu&in=home"  	[MsgId: MMSG-26659]
..\\Parameters\\common_lib.h(7): Found resource "http://localhost:1080/WebTours/images/in_home.gif" in HTML "http://localhost:1080/cgi-bin/nav.pl?page=menu&in=home"  	[MsgId: MMSG-26659]
..\\Parameters\\common_lib.h(7): Found resource "http://localhost:1080/WebTours/images/signoff.gif" in HTML "http://localhost:1080/cgi-bin/nav.pl?page=menu&in=home"  	[MsgId: MMSG-26659]
..\\Parameters\\common_lib.h(7): Registered web_reg_find successful for "Text=Welcome, <b>agentsmth</b>, to the Web Tours reservation pages." (count=1)  	[MsgId: MMSG-26364]
..\\Parameters\\common_lib.h(7): web_submit_data("login.pl") was successful, 5784 body bytes, 2071 header bytes, 36 chunking overhead bytes  	[MsgId: MMSG-26385]
..\\Parameters\\common_lib.h(23): Notify: Transaction "login" ended with a "Pass" status (Duration: 15,5002 Wasted Time: 0,0000).	[MsgId: MMSG-16871]
..\\Parameters\\common_lib.h(154): Notify: Transaction "click_Itinerary" started.	[MsgId: MMSG-16999]
..\\Parameters\\common_lib.h(156): web_url("Itinerary Button") started  	[MsgId: MMSG-26355]
..\\Parameters\\common_lib.h(156): Detected non-resource "http://localhost:1080/cgi-bin/nav.pl?page=menu&in=itinerary" in "http://localhost:1080/cgi-bin/welcome.pl?page=itinerary"  	[MsgId: MMSG-26574]
..\\Parameters\\common_lib.h(156): Detected non-resource "http://localhost:1080/cgi-bin/itinerary.pl" in "http://localhost:1080/cgi-bin/welcome.pl?page=itinerary"  	[MsgId: MMSG-26574]
..\\Parameters\\common_lib.h(156): Resource "http://localhost:1080/WebTours/images/flights.gif" is in the cache already and will not be downloaded again  	[MsgId: MMSG-26655]
..\\Parameters\\common_lib.h(156): Found resource "http://localhost:1080/WebTours/images/in_itinerary.gif" in HTML "http://localhost:1080/cgi-bin/nav.pl?page=menu&in=itinerary"  	[MsgId: MMSG-26659]
..\\Parameters\\common_lib.h(156): Found resource "http://localhost:1080/WebTours/images/home.gif" in HTML "http://localhost:1080/cgi-bin/nav.pl?page=menu&in=itinerary"  	[MsgId: MMSG-26659]
..\\Parameters\\common_lib.h(156): Resource "http://localhost:1080/WebTours/images/signoff.gif" is in the cache already and will not be downloaded again  	[MsgId: MMSG-26655]
..\\Parameters\\common_lib.h(156): Found resource "http://localhost:1080/WebTours/images/cancelreservation.gif" in HTML "http://localhost:1080/cgi-bin/itinerary.pl"  	[MsgId: MMSG-26659]
..\\Parameters\\common_lib.h(156): Found resource "http://localhost:1080/WebTours/images/cancelallreservations.gif" in HTML "http://localhost:1080/cgi-bin/itinerary.pl"  	[MsgId: MMSG-26659]
..\\Parameters\\common_lib.h(156): web_url("Itinerary Button") was successful, 110393 body bytes, 1914 header bytes, 228 chunking overhead bytes  	[MsgId: MMSG-26385]
..\\Parameters\\common_lib.h(166): Notify: Transaction "click_Itinerary" ended with a "Pass" status (Duration: 5,7480).	[MsgId: MMSG-16873]
..\\Parameters\\common_lib.h(169): Notify: Transaction "Logout" started.	[MsgId: MMSG-16999]
..\\Parameters\\common_lib.h(171): web_reg_find started  	[MsgId: MMSG-26355]
..\\Parameters\\common_lib.h(171): Registering web_reg_find was successful  	[MsgId: MMSG-26390]
..\\Parameters\\common_lib.h(174): web_url("SignOff Button") started  	[MsgId: MMSG-26355]
..\\Parameters\\common_lib.h(174): Detected non-resource "http://localhost:1080/cgi-bin/nav.pl?in=home" in "http://localhost:1080/cgi-bin/welcome.pl?signOff=1"  	[MsgId: MMSG-26574]
..\\Parameters\\common_lib.h(174): Detected non-resource "http://localhost:1080/WebTours/home.html" in "http://localhost:1080/cgi-bin/welcome.pl?signOff=1"  	[MsgId: MMSG-26574]
..\\Parameters\\common_lib.h(174): Retrieving data from cache for "http://localhost:1080/WebTours/home.html"  	[MsgId: MMSG-26558]
..\\Parameters\\common_lib.h(174): Resource "http://localhost:1080/WebTours/images/mer_login.gif" is in the cache already and will not be downloaded again  	[MsgId: MMSG-26655]
..\\Parameters\\common_lib.h(174): Registered web_reg_find successful for "Text=Welcome to the Web Tours site." (count=1)  	[MsgId: MMSG-26364]
..\\Parameters\\common_lib.h(174): web_url("SignOff Button") was successful, 2174 body bytes, 583 header bytes, 24 chunking overhead bytes  	[MsgId: MMSG-26385]
..\\Parameters\\common_lib.h(184): Notify: Transaction "Logout" ended with a "Pass" status (Duration: 5,1280 Wasted Time: 0,0000).	[MsgId: MMSG-16871]
Action.c(15): Notify: Transaction "UC_6_Itinerary" ended with a "Pass" status (Duration: 44,9352 Think Time: 5,0007 Wasted Time: 0,0004).	[MsgId: MMSG-16870]
Ending action Action.	[MsgId: MMSG-15918]
Ending iteration 9.	[MsgId: MMSG-15965]
Waiting 71,0640 seconds for iteration pacing.	[MsgId: MMSG-15996]
Starting iteration 10.	[MsgId: MMSG-15968]
Starting action Action.	[MsgId: MMSG-15919]
Action.c(3): Notify: Transaction "UC_6_Itinerary" started.	[MsgId: MMSG-16999]
..\\Parameters\\common_lib.h(27): Notify: Transaction "open_homepage" started.	[MsgId: MMSG-16999]
..\\Parameters\\common_lib.h(30): web_reg_save_param_attrib started  	[MsgId: MMSG-26355]
..\\Parameters\\common_lib.h(30): Registering web_reg_save_param_attrib was successful  	[MsgId: MMSG-26390]
..\\Parameters\\common_lib.h(41): web_url("WebTours") started  	[MsgId: MMSG-26355]
..\\Parameters\\common_lib.h(41): Detected non-resource "http://localhost:1080/WebTours/header.html" in "http://localhost:1080/WebTours/"  	[MsgId: MMSG-26574]
..\\Parameters\\common_lib.h(41): Detected non-resource "http://localhost:1080/cgi-bin/welcome.pl?signOff=true" in "http://localhost:1080/WebTours/"  	[MsgId: MMSG-26574]
..\\Parameters\\common_lib.h(41): Downloading resource "http://localhost:1080/favicon.ico" (specified by argument number 10)  	[MsgId: MMSG-26577]
..\\Parameters\\common_lib.h(41): Found resource "http://localhost:1080/WebTours/images/hp_logo.png" in HTML "http://localhost:1080/WebTours/header.html"  	[MsgId: MMSG-26659]
..\\Parameters\\common_lib.h(41): Found resource "http://localhost:1080/WebTours/images/webtours.png" in HTML "http://localhost:1080/WebTours/header.html"  	[MsgId: MMSG-26659]
..\\Parameters\\common_lib.h(41): Detected non-resource "http://localhost:1080/cgi-bin/nav.pl?in=home" in "http://localhost:1080/cgi-bin/welcome.pl?signOff=true"  	[MsgId: MMSG-26574]
..\\Parameters\\common_lib.h(41): Detected non-resource "http://localhost:1080/WebTours/home.html" in "http://localhost:1080/cgi-bin/welcome.pl?signOff=true"  	[MsgId: MMSG-26574]
..\\Parameters\\common_lib.h(41): Found resource "http://localhost:1080/WebTours/images/mer_login.gif" in HTML "http://localhost:1080/cgi-bin/nav.pl?in=home"  	[MsgId: MMSG-26659]
..\\Parameters\\common_lib.h(41): Warning -26627: HTTP Status-Code=404 (Not Found) for "http://localhost:1080/favicon.ico"  	[MsgId: MWAR-26627]
..\\Parameters\\common_lib.h(41): web_url("WebTours") highest severity level was "warning", 10289 body bytes, 2589 header bytes, 24 chunking overhead bytes  	[MsgId: MMSG-26387]
..\\Parameters\\common_lib.h(53): Notify: Transaction "open_homepage" ended with a "Pass" status (Duration: 16,0997 Wasted Time: 0,0003).	[MsgId: MMSG-16871]
Action.c(7): lr_think_time: 5,00 seconds.	[MsgId: MMSG-15948]
..\\Parameters\\common_lib.h(2): Notify: Transaction "login" started.	[MsgId: MMSG-16999]
..\\Parameters\\common_lib.h(4): web_reg_find started  	[MsgId: MMSG-26355]
..\\Parameters\\common_lib.h(4): Registering web_reg_find was successful  	[MsgId: MMSG-26390]
..\\Parameters\\common_lib.h(7): web_submit_data("login.pl") started  	[MsgId: MMSG-26355]
..\\Parameters\\common_lib.h(7): Detected non-resource "http://localhost:1080/cgi-bin/nav.pl?page=menu&in=home" in "http://localhost:1080/cgi-bin/login.pl"  	[MsgId: MMSG-26574]
..\\Parameters\\common_lib.h(7): Detected non-resource "http://localhost:1080/cgi-bin/login.pl?intro=true" in "http://localhost:1080/cgi-bin/login.pl"  	[MsgId: MMSG-26574]
..\\Parameters\\common_lib.h(7): Found resource "http://localhost:1080/WebTours/images/flights.gif" in HTML "http://localhost:1080/cgi-bin/nav.pl?page=menu&in=home"  	[MsgId: MMSG-26659]
..\\Parameters\\common_lib.h(7): Found resource "http://localhost:1080/WebTours/images/itinerary.gif" in HTML "http://localhost:1080/cgi-bin/nav.pl?page=menu&in=home"  	[MsgId: MMSG-26659]
..\\Parameters\\common_lib.h(7): Found resource "http://localhost:1080/WebTours/images/in_home.gif" in HTML "http://localhost:1080/cgi-bin/nav.pl?page=menu&in=home"  	[MsgId: MMSG-26659]
..\\Parameters\\common_lib.h(7): Found resource "http://localhost:1080/WebTours/images/signoff.gif" in HTML "http://localhost:1080/cgi-bin/nav.pl?page=menu&in=home"  	[MsgId: MMSG-26659]
..\\Parameters\\common_lib.h(7): Registered web_reg_find successful for "Text=Welcome, <b>iamunknown</b>, to the Web Tours reservation pages." (count=1)  	[MsgId: MMSG-26364]
..\\Parameters\\common_lib.h(7): web_submit_data("login.pl") was successful, 5785 body bytes, 2075 header bytes, 36 chunking overhead bytes  	[MsgId: MMSG-26385]
..\\Parameters\\common_lib.h(23): Notify: Transaction "login" ended with a "Pass" status (Duration: 15,9675 Wasted Time: 0,0000).	[MsgId: MMSG-16871]
..\\Parameters\\common_lib.h(154): Notify: Transaction "click_Itinerary" started.	[MsgId: MMSG-16999]
..\\Parameters\\common_lib.h(156): web_url("Itinerary Button") started  	[MsgId: MMSG-26355]
..\\Parameters\\common_lib.h(156): Detected non-resource "http://localhost:1080/cgi-bin/nav.pl?page=menu&in=itinerary" in "http://localhost:1080/cgi-bin/welcome.pl?page=itinerary"  	[MsgId: MMSG-26574]
..\\Parameters\\common_lib.h(156): Detected non-resource "http://localhost:1080/cgi-bin/itinerary.pl" in "http://localhost:1080/cgi-bin/welcome.pl?page=itinerary"  	[MsgId: MMSG-26574]
..\\Parameters\\common_lib.h(156): Resource "http://localhost:1080/WebTours/images/flights.gif" is in the cache already and will not be downloaded again  	[MsgId: MMSG-26655]
..\\Parameters\\common_lib.h(156): Found resource "http://localhost:1080/WebTours/images/in_itinerary.gif" in HTML "http://localhost:1080/cgi-bin/nav.pl?page=menu&in=itinerary"  	[MsgId: MMSG-26659]
..\\Parameters\\common_lib.h(156): Found resource "http://localhost:1080/WebTours/images/home.gif" in HTML "http://localhost:1080/cgi-bin/nav.pl?page=menu&in=itinerary"  	[MsgId: MMSG-26659]
..\\Parameters\\common_lib.h(156): Resource "http://localhost:1080/WebTours/images/signoff.gif" is in the cache already and will not be downloaded again  	[MsgId: MMSG-26655]
..\\Parameters\\common_lib.h(156): Found resource "http://localhost:1080/WebTours/images/cancelreservation.gif" in HTML "http://localhost:1080/cgi-bin/itinerary.pl"  	[MsgId: MMSG-26659]
..\\Parameters\\common_lib.h(156): Found resource "http://localhost:1080/WebTours/images/cancelallreservations.gif" in HTML "http://localhost:1080/cgi-bin/itinerary.pl"  	[MsgId: MMSG-26659]
..\\Parameters\\common_lib.h(156): web_url("Itinerary Button") was successful, 127238 body bytes, 1913 header bytes, 260 chunking overhead bytes  	[MsgId: MMSG-26385]
..\\Parameters\\common_lib.h(166): Notify: Transaction "click_Itinerary" ended with a "Pass" status (Duration: 0,1381).	[MsgId: MMSG-16873]
..\\Parameters\\common_lib.h(169): Notify: Transaction "Logout" started.	[MsgId: MMSG-16999]
..\\Parameters\\common_lib.h(171): web_reg_find started  	[MsgId: MMSG-26355]
..\\Parameters\\common_lib.h(171): Registering web_reg_find was successful  	[MsgId: MMSG-26390]
..\\Parameters\\common_lib.h(174): web_url("SignOff Button") started  	[MsgId: MMSG-26355]
..\\Parameters\\common_lib.h(174): Detected non-resource "http://localhost:1080/cgi-bin/nav.pl?in=home" in "http://localhost:1080/cgi-bin/welcome.pl?signOff=1"  	[MsgId: MMSG-26574]
..\\Parameters\\common_lib.h(174): Detected non-resource "http://localhost:1080/WebTours/home.html" in "http://localhost:1080/cgi-bin/welcome.pl?signOff=1"  	[MsgId: MMSG-26574]
..\\Parameters\\common_lib.h(174): Retrieving data from cache for "http://localhost:1080/WebTours/home.html"  	[MsgId: MMSG-26558]
..\\Parameters\\common_lib.h(174): Resource "http://localhost:1080/WebTours/images/mer_login.gif" is in the cache already and will not be downloaded again  	[MsgId: MMSG-26655]
..\\Parameters\\common_lib.h(174): Registered web_reg_find successful for "Text=Welcome to the Web Tours site." (count=1)  	[MsgId: MMSG-26364]
..\\Parameters\\common_lib.h(174): web_url("SignOff Button") was successful, 2175 body bytes, 582 header bytes, 24 chunking overhead bytes  	[MsgId: MMSG-26385]
..\\Parameters\\common_lib.h(184): Notify: Transaction "Logout" ended with a "Pass" status (Duration: 0,0870 Wasted Time: 0,0000).	[MsgId: MMSG-16871]
Action.c(15): Notify: Transaction "UC_6_Itinerary" ended with a "Pass" status (Duration: 37,2961 Think Time: 5,0034 Wasted Time: 0,0003).	[MsgId: MMSG-16870]
Ending action Action.	[MsgId: MMSG-15918]
Ending iteration 10.	[MsgId: MMSG-15965]
Waiting 78,7030 seconds for iteration pacing.	[MsgId: MMSG-15996]
Starting iteration 11.	[MsgId: MMSG-15968]
Starting action Action.	[MsgId: MMSG-15919]
Action.c(3): Notify: Transaction "UC_6_Itinerary" started.	[MsgId: MMSG-16999]
..\\Parameters\\common_lib.h(27): Notify: Transaction "open_homepage" started.	[MsgId: MMSG-16999]
..\\Parameters\\common_lib.h(30): web_reg_save_param_attrib started  	[MsgId: MMSG-26355]
..\\Parameters\\common_lib.h(30): Registering web_reg_save_param_attrib was successful  	[MsgId: MMSG-26390]
..\\Parameters\\common_lib.h(41): web_url("WebTours") started  	[MsgId: MMSG-26355]
..\\Parameters\\common_lib.h(41): Detected non-resource "http://localhost:1080/WebTours/header.html" in "http://localhost:1080/WebTours/"  	[MsgId: MMSG-26574]
..\\Parameters\\common_lib.h(41): Detected non-resource "http://localhost:1080/cgi-bin/welcome.pl?signOff=true" in "http://localhost:1080/WebTours/"  	[MsgId: MMSG-26574]
..\\Parameters\\common_lib.h(41): Downloading resource "http://localhost:1080/favicon.ico" (specified by argument number 10)  	[MsgId: MMSG-26577]
..\\Parameters\\common_lib.h(41): Found resource "http://localhost:1080/WebTours/images/hp_logo.png" in HTML "http://localhost:1080/WebTours/header.html"  	[MsgId: MMSG-26659]
..\\Parameters\\common_lib.h(41): Found resource "http://localhost:1080/WebTours/images/webtours.png" in HTML "http://localhost:1080/WebTours/header.html"  	[MsgId: MMSG-26659]
..\\Parameters\\common_lib.h(41): Detected non-resource "http://localhost:1080/cgi-bin/nav.pl?in=home" in "http://localhost:1080/cgi-bin/welcome.pl?signOff=true"  	[MsgId: MMSG-26574]
..\\Parameters\\common_lib.h(41): Detected non-resource "http://localhost:1080/WebTours/home.html" in "http://localhost:1080/cgi-bin/welcome.pl?signOff=true"  	[MsgId: MMSG-26574]
..\\Parameters\\common_lib.h(41): Found resource "http://localhost:1080/WebTours/images/mer_login.gif" in HTML "http://localhost:1080/cgi-bin/nav.pl?in=home"  	[MsgId: MMSG-26659]
..\\Parameters\\common_lib.h(41): Warning -26627: HTTP Status-Code=404 (Not Found) for "http://localhost:1080/favicon.ico"  	[MsgId: MWAR-26627]
..\\Parameters\\common_lib.h(41): web_url("WebTours") highest severity level was "warning", 10287 body bytes, 2589 header bytes, 24 chunking overhead bytes  	[MsgId: MMSG-26387]
..\\Parameters\\common_lib.h(53): Notify: Transaction "open_homepage" ended with a "Pass" status (Duration: 17,0336 Wasted Time: 0,0003).	[MsgId: MMSG-16871]
Action.c(7): lr_think_time: 5,00 seconds.	[MsgId: MMSG-15948]
..\\Parameters\\common_lib.h(2): Notify: Transaction "login" started.	[MsgId: MMSG-16999]
..\\Parameters\\common_lib.h(4): web_reg_find started  	[MsgId: MMSG-26355]
..\\Parameters\\common_lib.h(4): Registering web_reg_find was successful  	[MsgId: MMSG-26390]
..\\Parameters\\common_lib.h(7): web_submit_data("login.pl") started  	[MsgId: MMSG-26355]
..\\Parameters\\common_lib.h(7): Detected non-resource "http://localhost:1080/cgi-bin/nav.pl?page=menu&in=home" in "http://localhost:1080/cgi-bin/login.pl"  	[MsgId: MMSG-26574]
..\\Parameters\\common_lib.h(7): Detected non-resource "http://localhost:1080/cgi-bin/login.pl?intro=true" in "http://localhost:1080/cgi-bin/login.pl"  	[MsgId: MMSG-26574]
..\\Parameters\\common_lib.h(7): Found resource "http://localhost:1080/WebTours/images/flights.gif" in HTML "http://localhost:1080/cgi-bin/nav.pl?page=menu&in=home"  	[MsgId: MMSG-26659]
..\\Parameters\\common_lib.h(7): Found resource "http://localhost:1080/WebTours/images/itinerary.gif" in HTML "http://localhost:1080/cgi-bin/nav.pl?page=menu&in=home"  	[MsgId: MMSG-26659]
..\\Parameters\\common_lib.h(7): Found resource "http://localhost:1080/WebTours/images/in_home.gif" in HTML "http://localhost:1080/cgi-bin/nav.pl?page=menu&in=home"  	[MsgId: MMSG-26659]
..\\Parameters\\common_lib.h(7): Found resource "http://localhost:1080/WebTours/images/signoff.gif" in HTML "http://localhost:1080/cgi-bin/nav.pl?page=menu&in=home"  	[MsgId: MMSG-26659]
..\\Parameters\\common_lib.h(7): Registered web_reg_find successful for "Text=Welcome, <b>wowboy</b>, to the Web Tours reservation pages." (count=1)  	[MsgId: MMSG-26364]
..\\Parameters\\common_lib.h(7): web_submit_data("login.pl") was successful, 5781 body bytes, 2063 header bytes, 36 chunking overhead bytes  	[MsgId: MMSG-26385]
..\\Parameters\\common_lib.h(23): Notify: Transaction "login" ended with a "Pass" status (Duration: 16,2413 Wasted Time: 0,0000).	[MsgId: MMSG-16871]
..\\Parameters\\common_lib.h(154): Notify: Transaction "click_Itinerary" started.	[MsgId: MMSG-16999]
..\\Parameters\\common_lib.h(156): web_url("Itinerary Button") started  	[MsgId: MMSG-26355]
..\\Parameters\\common_lib.h(156): Detected non-resource "http://localhost:1080/cgi-bin/nav.pl?page=menu&in=itinerary" in "http://localhost:1080/cgi-bin/welcome.pl?page=itinerary"  	[MsgId: MMSG-26574]
..\\Parameters\\common_lib.h(156): Detected non-resource "http://localhost:1080/cgi-bin/itinerary.pl" in "http://localhost:1080/cgi-bin/welcome.pl?page=itinerary"  	[MsgId: MMSG-26574]
..\\Parameters\\common_lib.h(156): Resource "http://localhost:1080/WebTours/images/flights.gif" is in the cache already and will not be downloaded again  	[MsgId: MMSG-26655]
..\\Parameters\\common_lib.h(156): Found resource "http://localhost:1080/WebTours/images/in_itinerary.gif" in HTML "http://localhost:1080/cgi-bin/nav.pl?page=menu&in=itinerary"  	[MsgId: MMSG-26659]
..\\Parameters\\common_lib.h(156): Found resource "http://localhost:1080/WebTours/images/home.gif" in HTML "http://localhost:1080/cgi-bin/nav.pl?page=menu&in=itinerary"  	[MsgId: MMSG-26659]
..\\Parameters\\common_lib.h(156): Resource "http://localhost:1080/WebTours/images/signoff.gif" is in the cache already and will not be downloaded again  	[MsgId: MMSG-26655]
..\\Parameters\\common_lib.h(156): Found resource "http://localhost:1080/WebTours/images/cancelreservation.gif" in HTML "http://localhost:1080/cgi-bin/itinerary.pl"  	[MsgId: MMSG-26659]
..\\Parameters\\common_lib.h(156): Found resource "http://localhost:1080/WebTours/images/cancelallreservations.gif" in HTML "http://localhost:1080/cgi-bin/itinerary.pl"  	[MsgId: MMSG-26659]
..\\Parameters\\common_lib.h(156): web_url("Itinerary Button") was successful, 105577 body bytes, 1913 header bytes, 220 chunking overhead bytes  	[MsgId: MMSG-26385]
..\\Parameters\\common_lib.h(166): Notify: Transaction "click_Itinerary" ended with a "Pass" status (Duration: 0,1533).	[MsgId: MMSG-16873]
..\\Parameters\\common_lib.h(169): Notify: Transaction "Logout" started.	[MsgId: MMSG-16999]
..\\Parameters\\common_lib.h(171): web_reg_find started  	[MsgId: MMSG-26355]
..\\Parameters\\common_lib.h(171): Registering web_reg_find was successful  	[MsgId: MMSG-26390]
..\\Parameters\\common_lib.h(174): web_url("SignOff Button") started  	[MsgId: MMSG-26355]
..\\Parameters\\common_lib.h(174): Detected non-resource "http://localhost:1080/cgi-bin/nav.pl?in=home" in "http://localhost:1080/cgi-bin/welcome.pl?signOff=1"  	[MsgId: MMSG-26574]
..\\Parameters\\common_lib.h(174): Detected non-resource "http://localhost:1080/WebTours/home.html" in "http://localhost:1080/cgi-bin/welcome.pl?signOff=1"  	[MsgId: MMSG-26574]
..\\Parameters\\common_lib.h(174): Retrieving data from cache for "http://localhost:1080/WebTours/home.html"  	[MsgId: MMSG-26558]
..\\Parameters\\common_lib.h(174): Resource "http://localhost:1080/WebTours/images/mer_login.gif" is in the cache already and will not be downloaded again  	[MsgId: MMSG-26655]
..\\Parameters\\common_lib.h(174): Registered web_reg_find successful for "Text=Welcome to the Web Tours site." (count=1)  	[MsgId: MMSG-26364]
..\\Parameters\\common_lib.h(174): web_url("SignOff Button") was successful, 2176 body bytes, 582 header bytes, 24 chunking overhead bytes  	[MsgId: MMSG-26385]
..\\Parameters\\common_lib.h(184): Notify: Transaction "Logout" ended with a "Pass" status (Duration: 0,0873 Wasted Time: 0,0000).	[MsgId: MMSG-16871]
Action.c(15): Notify: Transaction "UC_6_Itinerary" ended with a "Pass" status (Duration: 38,5223 Think Time: 5,0065 Wasted Time: 0,0003).	[MsgId: MMSG-16870]
Ending action Action.	[MsgId: MMSG-15918]
Ending iteration 11.	[MsgId: MMSG-15965]
Waiting 77,4770 seconds for iteration pacing.	[MsgId: MMSG-15996]
Starting iteration 12.	[MsgId: MMSG-15968]
Starting action Action.	[MsgId: MMSG-15919]
Action.c(3): Notify: Transaction "UC_6_Itinerary" started.	[MsgId: MMSG-16999]
..\\Parameters\\common_lib.h(27): Notify: Transaction "open_homepage" started.	[MsgId: MMSG-16999]
..\\Parameters\\common_lib.h(30): web_reg_save_param_attrib started  	[MsgId: MMSG-26355]
..\\Parameters\\common_lib.h(30): Registering web_reg_save_param_attrib was successful  	[MsgId: MMSG-26390]
..\\Parameters\\common_lib.h(41): web_url("WebTours") started  	[MsgId: MMSG-26355]
..\\Parameters\\common_lib.h(41): Detected non-resource "http://localhost:1080/WebTours/header.html" in "http://localhost:1080/WebTours/"  	[MsgId: MMSG-26574]
..\\Parameters\\common_lib.h(41): Detected non-resource "http://localhost:1080/cgi-bin/welcome.pl?signOff=true" in "http://localhost:1080/WebTours/"  	[MsgId: MMSG-26574]
..\\Parameters\\common_lib.h(41): Downloading resource "http://localhost:1080/favicon.ico" (specified by argument number 10)  	[MsgId: MMSG-26577]
..\\Parameters\\common_lib.h(41): Found resource "http://localhost:1080/WebTours/images/hp_logo.png" in HTML "http://localhost:1080/WebTours/header.html"  	[MsgId: MMSG-26659]
..\\Parameters\\common_lib.h(41): Found resource "http://localhost:1080/WebTours/images/webtours.png" in HTML "http://localhost:1080/WebTours/header.html"  	[MsgId: MMSG-26659]
..\\Parameters\\common_lib.h(41): Warning -26627: HTTP Status-Code=404 (Not Found) for "http://localhost:1080/favicon.ico"  	[MsgId: MWAR-26627]
..\\Parameters\\common_lib.h(41): Detected non-resource "http://localhost:1080/cgi-bin/nav.pl?in=home" in "http://localhost:1080/cgi-bin/welcome.pl?signOff=true"  	[MsgId: MMSG-26574]
..\\Parameters\\common_lib.h(41): Detected non-resource "http://localhost:1080/WebTours/home.html" in "http://localhost:1080/cgi-bin/welcome.pl?signOff=true"  	[MsgId: MMSG-26574]
..\\Parameters\\common_lib.h(41): Found resource "http://localhost:1080/WebTours/images/mer_login.gif" in HTML "http://localhost:1080/cgi-bin/nav.pl?in=home"  	[MsgId: MMSG-26659]
..\\Parameters\\common_lib.h(41): web_url("WebTours") highest severity level was "warning", 10284 body bytes, 2589 header bytes, 24 chunking overhead bytes  	[MsgId: MMSG-26387]
..\\Parameters\\common_lib.h(53): Notify: Transaction "open_homepage" ended with a "Pass" status (Duration: 16,0227 Wasted Time: 0,0004).	[MsgId: MMSG-16871]
Action.c(7): lr_think_time: 5,00 seconds.	[MsgId: MMSG-15948]
..\\Parameters\\common_lib.h(2): Notify: Transaction "login" started.	[MsgId: MMSG-16999]
..\\Parameters\\common_lib.h(4): web_reg_find started  	[MsgId: MMSG-26355]
..\\Parameters\\common_lib.h(4): Registering web_reg_find was successful  	[MsgId: MMSG-26390]
..\\Parameters\\common_lib.h(7): web_submit_data("login.pl") started  	[MsgId: MMSG-26355]
..\\Parameters\\common_lib.h(7): Detected non-resource "http://localhost:1080/cgi-bin/nav.pl?page=menu&in=home" in "http://localhost:1080/cgi-bin/login.pl"  	[MsgId: MMSG-26574]
..\\Parameters\\common_lib.h(7): Detected non-resource "http://localhost:1080/cgi-bin/login.pl?intro=true" in "http://localhost:1080/cgi-bin/login.pl"  	[MsgId: MMSG-26574]
..\\Parameters\\common_lib.h(7): Found resource "http://localhost:1080/WebTours/images/flights.gif" in HTML "http://localhost:1080/cgi-bin/nav.pl?page=menu&in=home"  	[MsgId: MMSG-26659]
..\\Parameters\\common_lib.h(7): Found resource "http://localhost:1080/WebTours/images/itinerary.gif" in HTML "http://localhost:1080/cgi-bin/nav.pl?page=menu&in=home"  	[MsgId: MMSG-26659]
..\\Parameters\\common_lib.h(7): Found resource "http://localhost:1080/WebTours/images/in_home.gif" in HTML "http://localhost:1080/cgi-bin/nav.pl?page=menu&in=home"  	[MsgId: MMSG-26659]
..\\Parameters\\common_lib.h(7): Found resource "http://localhost:1080/WebTours/images/signoff.gif" in HTML "http://localhost:1080/cgi-bin/nav.pl?page=menu&in=home"  	[MsgId: MMSG-26659]
..\\Parameters\\common_lib.h(7): Registered web_reg_find successful for "Text=Welcome, <b>agentsmth</b>, to the Web Tours reservation pages." (count=1)  	[MsgId: MMSG-26364]
..\\Parameters\\common_lib.h(7): web_submit_data("login.pl") was successful, 5784 body bytes, 2072 header bytes, 36 chunking overhead bytes  	[MsgId: MMSG-26385]
..\\Parameters\\common_lib.h(23): Notify: Transaction "login" ended with a "Pass" status (Duration: 15,5014 Wasted Time: 0,0000).	[MsgId: MMSG-16871]
..\\Parameters\\common_lib.h(154): Notify: Transaction "click_Itinerary" started.	[MsgId: MMSG-16999]
..\\Parameters\\common_lib.h(156): web_url("Itinerary Button") started  	[MsgId: MMSG-26355]
..\\Parameters\\common_lib.h(156): Detected non-resource "http://localhost:1080/cgi-bin/nav.pl?page=menu&in=itinerary" in "http://localhost:1080/cgi-bin/welcome.pl?page=itinerary"  	[MsgId: MMSG-26574]
..\\Parameters\\common_lib.h(156): Detected non-resource "http://localhost:1080/cgi-bin/itinerary.pl" in "http://localhost:1080/cgi-bin/welcome.pl?page=itinerary"  	[MsgId: MMSG-26574]
..\\Parameters\\common_lib.h(156): Resource "http://localhost:1080/WebTours/images/flights.gif" is in the cache already and will not be downloaded again  	[MsgId: MMSG-26655]
..\\Parameters\\common_lib.h(156): Found resource "http://localhost:1080/WebTours/images/in_itinerary.gif" in HTML "http://localhost:1080/cgi-bin/nav.pl?page=menu&in=itinerary"  	[MsgId: MMSG-26659]
..\\Parameters\\common_lib.h(156): Found resource "http://localhost:1080/WebTours/images/home.gif" in HTML "http://localhost:1080/cgi-bin/nav.pl?page=menu&in=itinerary"  	[MsgId: MMSG-26659]
..\\Parameters\\common_lib.h(156): Resource "http://localhost:1080/WebTours/images/signoff.gif" is in the cache already and will not be downloaded again  	[MsgId: MMSG-26655]
..\\Parameters\\common_lib.h(156): Found resource "http://localhost:1080/WebTours/images/cancelreservation.gif" in HTML "http://localhost:1080/cgi-bin/itinerary.pl"  	[MsgId: MMSG-26659]
..\\Parameters\\common_lib.h(156): Found resource "http://localhost:1080/WebTours/images/cancelallreservations.gif" in HTML "http://localhost:1080/cgi-bin/itinerary.pl"  	[MsgId: MMSG-26659]
..\\Parameters\\common_lib.h(156): web_url("Itinerary Button") was successful, 112882 body bytes, 1913 header bytes, 236 chunking overhead bytes  	[MsgId: MMSG-26385]
..\\Parameters\\common_lib.h(166): Notify: Transaction "click_Itinerary" ended with a "Pass" status (Duration: 0,1375).	[MsgId: MMSG-16873]
..\\Parameters\\common_lib.h(169): Notify: Transaction "Logout" started.	[MsgId: MMSG-16999]
..\\Parameters\\common_lib.h(171): web_reg_find started  	[MsgId: MMSG-26355]
..\\Parameters\\common_lib.h(171): Registering web_reg_find was successful  	[MsgId: MMSG-26390]
..\\Parameters\\common_lib.h(174): web_url("SignOff Button") started  	[MsgId: MMSG-26355]
..\\Parameters\\common_lib.h(174): Detected non-resource "http://localhost:1080/cgi-bin/nav.pl?in=home" in "http://localhost:1080/cgi-bin/welcome.pl?signOff=1"  	[MsgId: MMSG-26574]
..\\Parameters\\common_lib.h(174): Detected non-resource "http://localhost:1080/WebTours/home.html" in "http://localhost:1080/cgi-bin/welcome.pl?signOff=1"  	[MsgId: MMSG-26574]
..\\Parameters\\common_lib.h(174): Retrieving data from cache for "http://localhost:1080/WebTours/home.html"  	[MsgId: MMSG-26558]
..\\Parameters\\common_lib.h(174): Resource "http://localhost:1080/WebTours/images/mer_login.gif" is in the cache already and will not be downloaded again  	[MsgId: MMSG-26655]
..\\Parameters\\common_lib.h(174): Registered web_reg_find successful for "Text=Welcome to the Web Tours site." (count=1)  	[MsgId: MMSG-26364]
..\\Parameters\\common_lib.h(174): web_url("SignOff Button") was successful, 2176 body bytes, 582 header bytes, 24 chunking overhead bytes  	[MsgId: MMSG-26385]
..\\Parameters\\common_lib.h(184): Notify: Transaction "Logout" ended with a "Pass" status (Duration: 0,0769 Wasted Time: 0,0000).	[MsgId: MMSG-16871]
Action.c(15): Notify: Transaction "UC_6_Itinerary" ended with a "Pass" status (Duration: 36,7419 Think Time: 5,0029 Wasted Time: 0,0004).	[MsgId: MMSG-16870]
Ending action Action.	[MsgId: MMSG-15918]
Ending iteration 12.	[MsgId: MMSG-15965]
Waiting 79,2580 seconds for iteration pacing.	[MsgId: MMSG-15996]
Ending Vuser...	[MsgId: MMSG-15966]
Starting action vuser_end.	[MsgId: MMSG-15919]
Ending action vuser_end.	[MsgId: MMSG-15918]
Vuser Terminated.	[MsgId: MMSG-15963]
